[2.845s] Invoking command in '/home/angel/concurso-audio-practica/audio': PYTHONPATH=/home/angel/concurso-audio-practica/install/audio/lib/python3.8/site-packages:${PYTHONPATH} /usr/bin/python3 setup.py egg_info --egg-base ../build/audio build --build-base /home/angel/concurso-audio-practica/build/audio/build install --prefix /home/angel/concurso-audio-practica/install/audio --record /home/angel/concurso-audio-practica/build/audio/install.log --single-version-externally-managed
[4.416s] running egg_info
[4.429s] writing ../build/audio/audio.egg-info/PKG-INFO
[4.430s] writing dependency_links to ../build/audio/audio.egg-info/dependency_links.txt
[4.433s] writing entry points to ../build/audio/audio.egg-info/entry_points.txt
[4.436s] writing requirements to ../build/audio/audio.egg-info/requires.txt
[4.440s] writing top-level names to ../build/audio/audio.egg-info/top_level.txt
[4.662s] reading manifest file '../build/audio/audio.egg-info/SOURCES.txt'
[4.668s] writing manifest file '../build/audio/audio.egg-info/SOURCES.txt'
[4.669s] running build
[4.670s] running build_py
[4.671s] copying audio/audioSubscriber.py -> /home/angel/concurso-audio-practica/build/audio/build/lib/audio
[4.674s] running install
[4.682s] running install_lib
[4.687s] copying /home/angel/concurso-audio-practica/build/audio/build/lib/audio/audioSubscriber.py -> /home/angel/concurso-audio-practica/install/audio/lib/python3.8/site-packages/audio
[4.693s] byte-compiling /home/angel/concurso-audio-practica/install/audio/lib/python3.8/site-packages/audio/audioSubscriber.py to audioSubscriber.cpython-38.pyc
[4.701s] running install_data
[4.704s] running install_egg_info
[4.718s] removing '/home/angel/concurso-audio-practica/install/audio/lib/python3.8/site-packages/audio-0.0.0-py3.8.egg-info' (and everything under it)
[4.719s] Copying ../build/audio/audio.egg-info to /home/angel/concurso-audio-practica/install/audio/lib/python3.8/site-packages/audio-0.0.0-py3.8.egg-info
[4.724s] running install_scripts
[4.778s] Installing listener script to /home/angel/concurso-audio-practica/install/audio/lib/audio
[4.778s] Installing talker script to /home/angel/concurso-audio-practica/install/audio/lib/audio
[4.781s] writing list of installed files to '/home/angel/concurso-audio-practica/build/audio/install.log'
[4.821s] Invoked command in '/home/angel/concurso-audio-practica/audio' returned '0': PYTHONPATH=/home/angel/concurso-audio-practica/install/audio/lib/python3.8/site-packages:${PYTHONPATH} /usr/bin/python3 setup.py egg_info --egg-base ../build/audio build --build-base /home/angel/concurso-audio-practica/build/audio/build install --prefix /home/angel/concurso-audio-practica/install/audio --record /home/angel/concurso-audio-practica/build/audio/install.log --single-version-externally-managed
