[2.612s] Invoking command in '/home/angel/concurso-audio-practica/audio': PYTHONPATH=/home/angel/concurso-audio-practica/install/audio/lib/python3.8/site-packages:${PYTHONPATH} /usr/bin/python3 setup.py egg_info --egg-base ../build/audio build --build-base /home/angel/concurso-audio-practica/build/audio/build install --prefix /home/angel/concurso-audio-practica/install/audio --record /home/angel/concurso-audio-practica/build/audio/install.log --single-version-externally-managed
[3.092s] running egg_info
[3.094s] writing ../build/audio/audio.egg-info/PKG-INFO
[3.095s] writing dependency_links to ../build/audio/audio.egg-info/dependency_links.txt
[3.095s] writing entry points to ../build/audio/audio.egg-info/entry_points.txt
[3.096s] writing requirements to ../build/audio/audio.egg-info/requires.txt
[3.097s] writing top-level names to ../build/audio/audio.egg-info/top_level.txt
[3.251s] reading manifest file '../build/audio/audio.egg-info/SOURCES.txt'
[3.274s] writing manifest file '../build/audio/audio.egg-info/SOURCES.txt'
[3.275s] running build
[3.276s] running build_py
[3.277s] copying audio/audioSubscriber.py -> /home/angel/concurso-audio-practica/build/audio/build/lib/audio
[3.279s] running install
[3.282s] running install_lib
[3.284s] copying /home/angel/concurso-audio-practica/build/audio/build/lib/audio/audioSubscriber.py -> /home/angel/concurso-audio-practica/install/audio/lib/python3.8/site-packages/audio
[3.285s] byte-compiling /home/angel/concurso-audio-practica/install/audio/lib/python3.8/site-packages/audio/audioSubscriber.py to audioSubscriber.cpython-38.pyc
[3.293s] running install_data
[3.294s] running install_egg_info
[3.297s] removing '/home/angel/concurso-audio-practica/install/audio/lib/python3.8/site-packages/audio-0.0.0-py3.8.egg-info' (and everything under it)
[3.298s] Copying ../build/audio/audio.egg-info to /home/angel/concurso-audio-practica/install/audio/lib/python3.8/site-packages/audio-0.0.0-py3.8.egg-info
[3.325s] running install_scripts
[3.357s] Installing listener script to /home/angel/concurso-audio-practica/install/audio/lib/audio
[3.358s] Installing talker script to /home/angel/concurso-audio-practica/install/audio/lib/audio
[3.359s] writing list of installed files to '/home/angel/concurso-audio-practica/build/audio/install.log'
[3.420s] Invoked command in '/home/angel/concurso-audio-practica/audio' returned '0': PYTHONPATH=/home/angel/concurso-audio-practica/install/audio/lib/python3.8/site-packages:${PYTHONPATH} /usr/bin/python3 setup.py egg_info --egg-base ../build/audio build --build-base /home/angel/concurso-audio-practica/build/audio/build install --prefix /home/angel/concurso-audio-practica/install/audio --record /home/angel/concurso-audio-practica/build/audio/install.log --single-version-externally-managed
