[5.506s] Invoking command in '/home/angel/concurso-audio-practica/audio': PYTHONPATH=/home/angel/concurso-audio-practica/install/audio/lib/python3.8/site-packages:${PYTHONPATH} /usr/bin/python3 setup.py egg_info --egg-base ../build/audio build --build-base /home/angel/concurso-audio-practica/build/audio/build install --prefix /home/angel/concurso-audio-practica/install/audio --record /home/angel/concurso-audio-practica/build/audio/install.log --single-version-externally-managed
[6.041s] running egg_info
[6.043s] writing ../build/audio/audio.egg-info/PKG-INFO
[6.044s] writing dependency_links to ../build/audio/audio.egg-info/dependency_links.txt
[6.045s] writing entry points to ../build/audio/audio.egg-info/entry_points.txt
[6.047s] writing requirements to ../build/audio/audio.egg-info/requires.txt
[6.048s] writing top-level names to ../build/audio/audio.egg-info/top_level.txt
[6.270s] reading manifest file '../build/audio/audio.egg-info/SOURCES.txt'
[6.295s] writing manifest file '../build/audio/audio.egg-info/SOURCES.txt'
[6.296s] running build
[6.296s] running build_py
[6.297s] copying audio/audioSubscriber.py -> /home/angel/concurso-audio-practica/build/audio/build/lib/audio
[6.298s] running install
[6.300s] running install_lib
[6.304s] copying /home/angel/concurso-audio-practica/build/audio/build/lib/audio/audioSubscriber.py -> /home/angel/concurso-audio-practica/install/audio/lib/python3.8/site-packages/audio
[6.306s] byte-compiling /home/angel/concurso-audio-practica/install/audio/lib/python3.8/site-packages/audio/audioSubscriber.py to audioSubscriber.cpython-38.pyc
[6.309s] running install_data
[6.310s] running install_egg_info
[6.317s] removing '/home/angel/concurso-audio-practica/install/audio/lib/python3.8/site-packages/audio-0.0.0-py3.8.egg-info' (and everything under it)
[6.319s] Copying ../build/audio/audio.egg-info to /home/angel/concurso-audio-practica/install/audio/lib/python3.8/site-packages/audio-0.0.0-py3.8.egg-info
[6.346s] running install_scripts
[6.378s] Installing listener script to /home/angel/concurso-audio-practica/install/audio/lib/audio
[6.380s] Installing talker script to /home/angel/concurso-audio-practica/install/audio/lib/audio
[6.381s] writing list of installed files to '/home/angel/concurso-audio-practica/build/audio/install.log'
[6.426s] Invoked command in '/home/angel/concurso-audio-practica/audio' returned '0': PYTHONPATH=/home/angel/concurso-audio-practica/install/audio/lib/python3.8/site-packages:${PYTHONPATH} /usr/bin/python3 setup.py egg_info --egg-base ../build/audio build --build-base /home/angel/concurso-audio-practica/build/audio/build install --prefix /home/angel/concurso-audio-practica/install/audio --record /home/angel/concurso-audio-practica/build/audio/install.log --single-version-externally-managed
