[1.904s] Invoking command in '/home/angel/concurso-audio-practica/audio': PYTHONPATH=/home/angel/concurso-audio-practica/install/audio/lib/python3.8/site-packages:${PYTHONPATH} /usr/bin/python3 setup.py egg_info --egg-base ../build/audio build --build-base /home/angel/concurso-audio-practica/build/audio/build install --prefix /home/angel/concurso-audio-practica/install/audio --record /home/angel/concurso-audio-practica/build/audio/install.log --single-version-externally-managed
[2.470s] running egg_info
[2.472s] writing ../build/audio/audio.egg-info/PKG-INFO
[2.473s] writing dependency_links to ../build/audio/audio.egg-info/dependency_links.txt
[2.473s] writing entry points to ../build/audio/audio.egg-info/entry_points.txt
[2.474s] writing requirements to ../build/audio/audio.egg-info/requires.txt
[2.476s] writing top-level names to ../build/audio/audio.egg-info/top_level.txt
[2.594s] reading manifest file '../build/audio/audio.egg-info/SOURCES.txt'
[2.598s] writing manifest file '../build/audio/audio.egg-info/SOURCES.txt'
[2.599s] running build
[2.600s] running build_py
[2.601s] copying audio/audioPublisher.py -> /home/angel/concurso-audio-practica/build/audio/build/lib/audio
[2.602s] running install
[2.604s] running install_lib
[2.607s] copying /home/angel/concurso-audio-practica/build/audio/build/lib/audio/audioPublisher.py -> /home/angel/concurso-audio-practica/install/audio/lib/python3.8/site-packages/audio
[2.610s] byte-compiling /home/angel/concurso-audio-practica/install/audio/lib/python3.8/site-packages/audio/audioPublisher.py to audioPublisher.cpython-38.pyc
[2.619s] running install_data
[2.620s] running install_egg_info
[2.626s] removing '/home/angel/concurso-audio-practica/install/audio/lib/python3.8/site-packages/audio-0.0.0-py3.8.egg-info' (and everything under it)
[2.627s] Copying ../build/audio/audio.egg-info to /home/angel/concurso-audio-practica/install/audio/lib/python3.8/site-packages/audio-0.0.0-py3.8.egg-info
[2.631s] running install_scripts
[2.671s] Installing listener script to /home/angel/concurso-audio-practica/install/audio/lib/audio
[2.672s] Installing talker script to /home/angel/concurso-audio-practica/install/audio/lib/audio
[2.673s] writing list of installed files to '/home/angel/concurso-audio-practica/build/audio/install.log'
[2.736s] Invoked command in '/home/angel/concurso-audio-practica/audio' returned '0': PYTHONPATH=/home/angel/concurso-audio-practica/install/audio/lib/python3.8/site-packages:${PYTHONPATH} /usr/bin/python3 setup.py egg_info --egg-base ../build/audio build --build-base /home/angel/concurso-audio-practica/build/audio/build install --prefix /home/angel/concurso-audio-practica/install/audio --record /home/angel/concurso-audio-practica/build/audio/install.log --single-version-externally-managed
