[1.496s] Invoking command in '/home/angel/concurso-audio-practica/audio': PYTHONPATH=/home/angel/concurso-audio-practica/install/audio/lib/python3.8/site-packages:${PYTHONPATH} /usr/bin/python3 setup.py egg_info --egg-base ../build/audio build --build-base /home/angel/concurso-audio-practica/build/audio/build install --prefix /home/angel/concurso-audio-practica/install/audio --record /home/angel/concurso-audio-practica/build/audio/install.log --single-version-externally-managed
[1.990s] running egg_info
[1.992s] writing ../build/audio/audio.egg-info/PKG-INFO
[1.992s] writing dependency_links to ../build/audio/audio.egg-info/dependency_links.txt
[1.993s] writing entry points to ../build/audio/audio.egg-info/entry_points.txt
[1.994s] writing requirements to ../build/audio/audio.egg-info/requires.txt
[1.995s] writing top-level names to ../build/audio/audio.egg-info/top_level.txt
[2.082s] reading manifest file '../build/audio/audio.egg-info/SOURCES.txt'
[2.084s] writing manifest file '../build/audio/audio.egg-info/SOURCES.txt'
[2.085s] running build
[2.085s] running build_py
[2.086s] copying audio/audioPublisher.py -> /home/angel/concurso-audio-practica/build/audio/build/lib/audio
[2.087s] running install
[2.088s] running install_lib
[2.090s] copying /home/angel/concurso-audio-practica/build/audio/build/lib/audio/audioPublisher.py -> /home/angel/concurso-audio-practica/install/audio/lib/python3.8/site-packages/audio
[2.091s] byte-compiling /home/angel/concurso-audio-practica/install/audio/lib/python3.8/site-packages/audio/audioPublisher.py to audioPublisher.cpython-38.pyc
[2.095s] running install_data
[2.096s] running install_egg_info
[2.098s] removing '/home/angel/concurso-audio-practica/install/audio/lib/python3.8/site-packages/audio-0.0.0-py3.8.egg-info' (and everything under it)
[2.100s] Copying ../build/audio/audio.egg-info to /home/angel/concurso-audio-practica/install/audio/lib/python3.8/site-packages/audio-0.0.0-py3.8.egg-info
[2.102s] running install_scripts
[2.132s] Installing listener script to /home/angel/concurso-audio-practica/install/audio/lib/audio
[2.133s] Installing talker script to /home/angel/concurso-audio-practica/install/audio/lib/audio
[2.134s] writing list of installed files to '/home/angel/concurso-audio-practica/build/audio/install.log'
[2.174s] Invoked command in '/home/angel/concurso-audio-practica/audio' returned '0': PYTHONPATH=/home/angel/concurso-audio-practica/install/audio/lib/python3.8/site-packages:${PYTHONPATH} /usr/bin/python3 setup.py egg_info --egg-base ../build/audio build --build-base /home/angel/concurso-audio-practica/build/audio/build install --prefix /home/angel/concurso-audio-practica/install/audio --record /home/angel/concurso-audio-practica/build/audio/install.log --single-version-externally-managed
