[1.495s] Invoking command in '/home/angel/concurso-audio-practica/audio': PYTHONPATH=/home/angel/concurso-audio-practica/install/audio/lib/python3.8/site-packages:${PYTHONPATH} /usr/bin/python3 setup.py egg_info --egg-base ../build/audio build --build-base /home/angel/concurso-audio-practica/build/audio/build install --prefix /home/angel/concurso-audio-practica/install/audio --record /home/angel/concurso-audio-practica/build/audio/install.log --single-version-externally-managed
[2.010s] running egg_info
[2.011s] writing ../build/audio/audio.egg-info/PKG-INFO
[2.012s] writing dependency_links to ../build/audio/audio.egg-info/dependency_links.txt
[2.013s] writing entry points to ../build/audio/audio.egg-info/entry_points.txt
[2.014s] writing requirements to ../build/audio/audio.egg-info/requires.txt
[2.015s] writing top-level names to ../build/audio/audio.egg-info/top_level.txt
[2.100s] reading manifest file '../build/audio/audio.egg-info/SOURCES.txt'
[2.102s] writing manifest file '../build/audio/audio.egg-info/SOURCES.txt'
[2.103s] running build
[2.104s] running build_py
[2.104s] copying audio/audioPublisher.py -> /home/angel/concurso-audio-practica/build/audio/build/lib/audio
[2.105s] running install
[2.107s] running install_lib
[2.109s] copying /home/angel/concurso-audio-practica/build/audio/build/lib/audio/audioPublisher.py -> /home/angel/concurso-audio-practica/install/audio/lib/python3.8/site-packages/audio
[2.111s] byte-compiling /home/angel/concurso-audio-practica/install/audio/lib/python3.8/site-packages/audio/audioPublisher.py to audioPublisher.cpython-38.pyc
[2.114s] running install_data
[2.116s] running install_egg_info
[2.119s] removing '/home/angel/concurso-audio-practica/install/audio/lib/python3.8/site-packages/audio-0.0.0-py3.8.egg-info' (and everything under it)
[2.120s] Copying ../build/audio/audio.egg-info to /home/angel/concurso-audio-practica/install/audio/lib/python3.8/site-packages/audio-0.0.0-py3.8.egg-info
[2.123s] running install_scripts
[2.158s] Installing listener script to /home/angel/concurso-audio-practica/install/audio/lib/audio
[2.159s] Installing talker script to /home/angel/concurso-audio-practica/install/audio/lib/audio
[2.160s] writing list of installed files to '/home/angel/concurso-audio-practica/build/audio/install.log'
[2.193s] Invoked command in '/home/angel/concurso-audio-practica/audio' returned '0': PYTHONPATH=/home/angel/concurso-audio-practica/install/audio/lib/python3.8/site-packages:${PYTHONPATH} /usr/bin/python3 setup.py egg_info --egg-base ../build/audio build --build-base /home/angel/concurso-audio-practica/build/audio/build install --prefix /home/angel/concurso-audio-practica/install/audio --record /home/angel/concurso-audio-practica/build/audio/install.log --single-version-externally-managed
