[1.941s] Invoking command in '/home/angel/concurso-audio-practica/audio': PYTHONPATH=/home/angel/concurso-audio-practica/install/audio/lib/python3.8/site-packages:${PYTHONPATH} /usr/bin/python3 setup.py egg_info --egg-base ../build/audio build --build-base /home/angel/concurso-audio-practica/build/audio/build install --prefix /home/angel/concurso-audio-practica/install/audio --record /home/angel/concurso-audio-practica/build/audio/install.log --single-version-externally-managed
[2.432s] running egg_info
[2.433s] writing ../build/audio/audio.egg-info/PKG-INFO
[2.434s] writing dependency_links to ../build/audio/audio.egg-info/dependency_links.txt
[2.435s] writing entry points to ../build/audio/audio.egg-info/entry_points.txt
[2.436s] writing requirements to ../build/audio/audio.egg-info/requires.txt
[2.436s] writing top-level names to ../build/audio/audio.egg-info/top_level.txt
[2.522s] reading manifest file '../build/audio/audio.egg-info/SOURCES.txt'
[2.524s] writing manifest file '../build/audio/audio.egg-info/SOURCES.txt'
[2.525s] running build
[2.525s] running build_py
[2.526s] copying audio/audioSubscriber.py -> /home/angel/concurso-audio-practica/build/audio/build/lib/audio
[2.527s] running install
[2.529s] running install_lib
[2.531s] copying /home/angel/concurso-audio-practica/build/audio/build/lib/audio/audioSubscriber.py -> /home/angel/concurso-audio-practica/install/audio/lib/python3.8/site-packages/audio
[2.532s] byte-compiling /home/angel/concurso-audio-practica/install/audio/lib/python3.8/site-packages/audio/audioSubscriber.py to audioSubscriber.cpython-38.pyc
[2.536s]   File "/home/angel/concurso-audio-practica/install/audio/lib/python3.8/site-packages/audio/audioSubscriber.py", line 40
[2.536s]     aux2 = "", aux3 = ""
[2.536s]            ^
[2.537s] SyntaxError: cannot assign to literal
[2.537s] 
[2.537s] running install_data
[2.539s] running install_egg_info
[2.542s] removing '/home/angel/concurso-audio-practica/install/audio/lib/python3.8/site-packages/audio-0.0.0-py3.8.egg-info' (and everything under it)
[2.543s] Copying ../build/audio/audio.egg-info to /home/angel/concurso-audio-practica/install/audio/lib/python3.8/site-packages/audio-0.0.0-py3.8.egg-info
[2.545s] running install_scripts
[2.575s] Installing listener script to /home/angel/concurso-audio-practica/install/audio/lib/audio
[2.576s] Installing talker script to /home/angel/concurso-audio-practica/install/audio/lib/audio
[2.578s] writing list of installed files to '/home/angel/concurso-audio-practica/build/audio/install.log'
[2.621s] Invoked command in '/home/angel/concurso-audio-practica/audio' returned '0': PYTHONPATH=/home/angel/concurso-audio-practica/install/audio/lib/python3.8/site-packages:${PYTHONPATH} /usr/bin/python3 setup.py egg_info --egg-base ../build/audio build --build-base /home/angel/concurso-audio-practica/build/audio/build install --prefix /home/angel/concurso-audio-practica/install/audio --record /home/angel/concurso-audio-practica/build/audio/install.log --single-version-externally-managed
