[1.679s] Invoking command in '/home/angel/concurso-audio-practica/audio': PYTHONPATH=/home/angel/concurso-audio-practica/install/audio/lib/python3.8/site-packages:${PYTHONPATH} /usr/bin/python3 setup.py egg_info --egg-base ../build/audio build --build-base /home/angel/concurso-audio-practica/build/audio/build install --prefix /home/angel/concurso-audio-practica/install/audio --record /home/angel/concurso-audio-practica/build/audio/install.log --single-version-externally-managed
[2.152s] running egg_info
[2.154s] writing ../build/audio/audio.egg-info/PKG-INFO
[2.156s] writing dependency_links to ../build/audio/audio.egg-info/dependency_links.txt
[2.157s] writing entry points to ../build/audio/audio.egg-info/entry_points.txt
[2.157s] writing requirements to ../build/audio/audio.egg-info/requires.txt
[2.158s] writing top-level names to ../build/audio/audio.egg-info/top_level.txt
[2.245s] reading manifest file '../build/audio/audio.egg-info/SOURCES.txt'
[2.249s] writing manifest file '../build/audio/audio.egg-info/SOURCES.txt'
[2.250s] running build
[2.250s] running build_py
[2.251s] running install
[2.253s] running install_lib
[2.256s] running install_data
[2.257s] running install_egg_info
[2.259s] removing '/home/angel/concurso-audio-practica/install/audio/lib/python3.8/site-packages/audio-0.0.0-py3.8.egg-info' (and everything under it)
[2.260s] Copying ../build/audio/audio.egg-info to /home/angel/concurso-audio-practica/install/audio/lib/python3.8/site-packages/audio-0.0.0-py3.8.egg-info
[2.265s] running install_scripts
[2.294s] Installing listener script to /home/angel/concurso-audio-practica/install/audio/lib/audio
[2.295s] Installing talker script to /home/angel/concurso-audio-practica/install/audio/lib/audio
[2.296s] writing list of installed files to '/home/angel/concurso-audio-practica/build/audio/install.log'
[2.332s] Invoked command in '/home/angel/concurso-audio-practica/audio' returned '0': PYTHONPATH=/home/angel/concurso-audio-practica/install/audio/lib/python3.8/site-packages:${PYTHONPATH} /usr/bin/python3 setup.py egg_info --egg-base ../build/audio build --build-base /home/angel/concurso-audio-practica/build/audio/build install --prefix /home/angel/concurso-audio-practica/install/audio --record /home/angel/concurso-audio-practica/build/audio/install.log --single-version-externally-managed
