[1.621s] Invoking command in '/home/angel/concurso-audio-practica/audio': PYTHONPATH=/home/angel/concurso-audio-practica/install/audio/lib/python3.8/site-packages:${PYTHONPATH} /usr/bin/python3 setup.py egg_info --egg-base ../build/audio build --build-base /home/angel/concurso-audio-practica/build/audio/build install --prefix /home/angel/concurso-audio-practica/install/audio --record /home/angel/concurso-audio-practica/build/audio/install.log --single-version-externally-managed
[2.137s] running egg_info
[2.139s] writing ../build/audio/audio.egg-info/PKG-INFO
[2.140s] writing dependency_links to ../build/audio/audio.egg-info/dependency_links.txt
[2.141s] writing entry points to ../build/audio/audio.egg-info/entry_points.txt
[2.142s] writing requirements to ../build/audio/audio.egg-info/requires.txt
[2.142s] writing top-level names to ../build/audio/audio.egg-info/top_level.txt
[2.234s] reading manifest file '../build/audio/audio.egg-info/SOURCES.txt'
[2.236s] writing manifest file '../build/audio/audio.egg-info/SOURCES.txt'
[2.238s] running build
[2.238s] running build_py
[2.239s] copying audio/audioPublisher.py -> /home/angel/concurso-audio-practica/build/audio/build/lib/audio
[2.240s] running install
[2.242s] running install_lib
[2.247s] copying /home/angel/concurso-audio-practica/build/audio/build/lib/audio/audioPublisher.py -> /home/angel/concurso-audio-practica/install/audio/lib/python3.8/site-packages/audio
[2.250s] byte-compiling /home/angel/concurso-audio-practica/install/audio/lib/python3.8/site-packages/audio/audioPublisher.py to audioPublisher.cpython-38.pyc
[2.254s] running install_data
[2.255s] running install_egg_info
[2.260s] removing '/home/angel/concurso-audio-practica/install/audio/lib/python3.8/site-packages/audio-0.0.0-py3.8.egg-info' (and everything under it)
[2.261s] Copying ../build/audio/audio.egg-info to /home/angel/concurso-audio-practica/install/audio/lib/python3.8/site-packages/audio-0.0.0-py3.8.egg-info
[2.263s] running install_scripts
[2.295s] Installing listener script to /home/angel/concurso-audio-practica/install/audio/lib/audio
[2.296s] Installing talker script to /home/angel/concurso-audio-practica/install/audio/lib/audio
[2.298s] writing list of installed files to '/home/angel/concurso-audio-practica/build/audio/install.log'
[2.357s] Invoked command in '/home/angel/concurso-audio-practica/audio' returned '0': PYTHONPATH=/home/angel/concurso-audio-practica/install/audio/lib/python3.8/site-packages:${PYTHONPATH} /usr/bin/python3 setup.py egg_info --egg-base ../build/audio build --build-base /home/angel/concurso-audio-practica/build/audio/build install --prefix /home/angel/concurso-audio-practica/install/audio --record /home/angel/concurso-audio-practica/build/audio/install.log --single-version-externally-managed
