[1.310s] Invoking command in '/home/angel/concurso-audio-practica/audio': PYTHONPATH=/home/angel/concurso-audio-practica/install/audio/lib/python3.8/site-packages:${PYTHONPATH} /usr/bin/python3 setup.py egg_info --egg-base ../build/audio build --build-base /home/angel/concurso-audio-practica/build/audio/build install --prefix /home/angel/concurso-audio-practica/install/audio --record /home/angel/concurso-audio-practica/build/audio/install.log --single-version-externally-managed
[1.782s] running egg_info
[1.784s] writing ../build/audio/audio.egg-info/PKG-INFO
[1.784s] writing dependency_links to ../build/audio/audio.egg-info/dependency_links.txt
[1.785s] writing entry points to ../build/audio/audio.egg-info/entry_points.txt
[1.786s] writing requirements to ../build/audio/audio.egg-info/requires.txt
[1.786s] writing top-level names to ../build/audio/audio.egg-info/top_level.txt
[1.870s] reading manifest file '../build/audio/audio.egg-info/SOURCES.txt'
[1.872s] writing manifest file '../build/audio/audio.egg-info/SOURCES.txt'
[1.873s] running build
[1.873s] running build_py
[1.874s] copying audio/audioPublisher.py -> /home/angel/concurso-audio-practica/build/audio/build/lib/audio
[1.876s] running install
[1.877s] running install_lib
[1.879s] copying /home/angel/concurso-audio-practica/build/audio/build/lib/audio/audioPublisher.py -> /home/angel/concurso-audio-practica/install/audio/lib/python3.8/site-packages/audio
[1.880s] byte-compiling /home/angel/concurso-audio-practica/install/audio/lib/python3.8/site-packages/audio/audioPublisher.py to audioPublisher.cpython-38.pyc
[1.883s] running install_data
[1.884s] running install_egg_info
[1.887s] removing '/home/angel/concurso-audio-practica/install/audio/lib/python3.8/site-packages/audio-0.0.0-py3.8.egg-info' (and everything under it)
[1.888s] Copying ../build/audio/audio.egg-info to /home/angel/concurso-audio-practica/install/audio/lib/python3.8/site-packages/audio-0.0.0-py3.8.egg-info
[1.891s] running install_scripts
[1.925s] Installing listener script to /home/angel/concurso-audio-practica/install/audio/lib/audio
[1.926s] Installing talker script to /home/angel/concurso-audio-practica/install/audio/lib/audio
[1.928s] writing list of installed files to '/home/angel/concurso-audio-practica/build/audio/install.log'
[2.039s] Invoked command in '/home/angel/concurso-audio-practica/audio' returned '0': PYTHONPATH=/home/angel/concurso-audio-practica/install/audio/lib/python3.8/site-packages:${PYTHONPATH} /usr/bin/python3 setup.py egg_info --egg-base ../build/audio build --build-base /home/angel/concurso-audio-practica/build/audio/build install --prefix /home/angel/concurso-audio-practica/install/audio --record /home/angel/concurso-audio-practica/build/audio/install.log --single-version-externally-managed
