[1.587s] Invoking command in '/home/angel/concurso-audio-practica/audio': PYTHONPATH=/home/angel/concurso-audio-practica/install/audio/lib/python3.8/site-packages:${PYTHONPATH} /usr/bin/python3 setup.py egg_info --egg-base ../build/audio build --build-base /home/angel/concurso-audio-practica/build/audio/build install --prefix /home/angel/concurso-audio-practica/install/audio --record /home/angel/concurso-audio-practica/build/audio/install.log --single-version-externally-managed
[2.091s] running egg_info
[2.093s] writing ../build/audio/audio.egg-info/PKG-INFO
[2.094s] writing dependency_links to ../build/audio/audio.egg-info/dependency_links.txt
[2.094s] writing entry points to ../build/audio/audio.egg-info/entry_points.txt
[2.095s] writing requirements to ../build/audio/audio.egg-info/requires.txt
[2.096s] writing top-level names to ../build/audio/audio.egg-info/top_level.txt
[2.181s] reading manifest file '../build/audio/audio.egg-info/SOURCES.txt'
[2.183s] writing manifest file '../build/audio/audio.egg-info/SOURCES.txt'
[2.184s] running build
[2.184s] running build_py
[2.185s] copying audio/audioSubscriber.py -> /home/angel/concurso-audio-practica/build/audio/build/lib/audio
[2.186s] running install
[2.188s] running install_lib
[2.190s] copying /home/angel/concurso-audio-practica/build/audio/build/lib/audio/audioSubscriber.py -> /home/angel/concurso-audio-practica/install/audio/lib/python3.8/site-packages/audio
[2.191s] byte-compiling /home/angel/concurso-audio-practica/install/audio/lib/python3.8/site-packages/audio/audioSubscriber.py to audioSubscriber.cpython-38.pyc
[2.195s] running install_data
[2.196s] running install_egg_info
[2.200s] removing '/home/angel/concurso-audio-practica/install/audio/lib/python3.8/site-packages/audio-0.0.0-py3.8.egg-info' (and everything under it)
[2.201s] Copying ../build/audio/audio.egg-info to /home/angel/concurso-audio-practica/install/audio/lib/python3.8/site-packages/audio-0.0.0-py3.8.egg-info
[2.204s] running install_scripts
[2.236s] Installing listener script to /home/angel/concurso-audio-practica/install/audio/lib/audio
[2.240s] Installing talker script to /home/angel/concurso-audio-practica/install/audio/lib/audio
[2.241s] writing list of installed files to '/home/angel/concurso-audio-practica/build/audio/install.log'
[2.288s] Invoked command in '/home/angel/concurso-audio-practica/audio' returned '0': PYTHONPATH=/home/angel/concurso-audio-practica/install/audio/lib/python3.8/site-packages:${PYTHONPATH} /usr/bin/python3 setup.py egg_info --egg-base ../build/audio build --build-base /home/angel/concurso-audio-practica/build/audio/build install --prefix /home/angel/concurso-audio-practica/install/audio --record /home/angel/concurso-audio-practica/build/audio/install.log --single-version-externally-managed
