[1.849s] Invoking command in '/home/angel/concurso-audio-practica/audio': PYTHONPATH=/home/angel/concurso-audio-practica/install/audio/lib/python3.8/site-packages:${PYTHONPATH} /usr/bin/python3 setup.py egg_info --egg-base ../build/audio build --build-base /home/angel/concurso-audio-practica/build/audio/build install --prefix /home/angel/concurso-audio-practica/install/audio --record /home/angel/concurso-audio-practica/build/audio/install.log --single-version-externally-managed
[2.331s] running egg_info
[2.333s] writing ../build/audio/audio.egg-info/PKG-INFO
[2.334s] writing dependency_links to ../build/audio/audio.egg-info/dependency_links.txt
[2.335s] writing entry points to ../build/audio/audio.egg-info/entry_points.txt
[2.336s] writing requirements to ../build/audio/audio.egg-info/requires.txt
[2.337s] writing top-level names to ../build/audio/audio.egg-info/top_level.txt
[2.420s] reading manifest file '../build/audio/audio.egg-info/SOURCES.txt'
[2.423s] writing manifest file '../build/audio/audio.egg-info/SOURCES.txt'
[2.424s] running build
[2.424s] running build_py
[2.425s] copying audio/audioPublisher.py -> /home/angel/concurso-audio-practica/build/audio/build/lib/audio
[2.426s] running install
[2.427s] running install_lib
[2.430s] copying /home/angel/concurso-audio-practica/build/audio/build/lib/audio/audioPublisher.py -> /home/angel/concurso-audio-practica/install/audio/lib/python3.8/site-packages/audio
[2.431s] byte-compiling /home/angel/concurso-audio-practica/install/audio/lib/python3.8/site-packages/audio/audioPublisher.py to audioPublisher.cpython-38.pyc
[2.434s] running install_data
[2.436s] running install_egg_info
[2.439s] removing '/home/angel/concurso-audio-practica/install/audio/lib/python3.8/site-packages/audio-0.0.0-py3.8.egg-info' (and everything under it)
[2.440s] Copying ../build/audio/audio.egg-info to /home/angel/concurso-audio-practica/install/audio/lib/python3.8/site-packages/audio-0.0.0-py3.8.egg-info
[2.443s] running install_scripts
[2.479s] Installing listener script to /home/angel/concurso-audio-practica/install/audio/lib/audio
[2.479s] Installing talker script to /home/angel/concurso-audio-practica/install/audio/lib/audio
[2.481s] writing list of installed files to '/home/angel/concurso-audio-practica/build/audio/install.log'
[2.518s] Invoked command in '/home/angel/concurso-audio-practica/audio' returned '0': PYTHONPATH=/home/angel/concurso-audio-practica/install/audio/lib/python3.8/site-packages:${PYTHONPATH} /usr/bin/python3 setup.py egg_info --egg-base ../build/audio build --build-base /home/angel/concurso-audio-practica/build/audio/build install --prefix /home/angel/concurso-audio-practica/install/audio --record /home/angel/concurso-audio-practica/build/audio/install.log --single-version-externally-managed
