[3.060s] Invoking command in '/home/angel/concurso-audio-practica/audio': PYTHONPATH=/home/angel/concurso-audio-practica/install/audio/lib/python3.8/site-packages:${PYTHONPATH} /usr/bin/python3 setup.py egg_info --egg-base ../build/audio build --build-base /home/angel/concurso-audio-practica/build/audio/build install --prefix /home/angel/concurso-audio-practica/install/audio --record /home/angel/concurso-audio-practica/build/audio/install.log --single-version-externally-managed
[3.569s] running egg_info
[3.570s] writing ../build/audio/audio.egg-info/PKG-INFO
[3.571s] writing dependency_links to ../build/audio/audio.egg-info/dependency_links.txt
[3.572s] writing entry points to ../build/audio/audio.egg-info/entry_points.txt
[3.572s] writing requirements to ../build/audio/audio.egg-info/requires.txt
[3.573s] writing top-level names to ../build/audio/audio.egg-info/top_level.txt
[3.738s] reading manifest file '../build/audio/audio.egg-info/SOURCES.txt'
[3.740s] writing manifest file '../build/audio/audio.egg-info/SOURCES.txt'
[3.740s] running build
[3.741s] running build_py
[3.741s] copying audio/audioSubscriber.py -> /home/angel/concurso-audio-practica/build/audio/build/lib/audio
[3.742s] running install
[3.744s] running install_lib
[3.746s] copying /home/angel/concurso-audio-practica/build/audio/build/lib/audio/audioSubscriber.py -> /home/angel/concurso-audio-practica/install/audio/lib/python3.8/site-packages/audio
[3.748s] byte-compiling /home/angel/concurso-audio-practica/install/audio/lib/python3.8/site-packages/audio/audioSubscriber.py to audioSubscriber.cpython-38.pyc
[3.754s] running install_data
[3.755s] running install_egg_info
[3.758s] removing '/home/angel/concurso-audio-practica/install/audio/lib/python3.8/site-packages/audio-0.0.0-py3.8.egg-info' (and everything under it)
[3.759s] Copying ../build/audio/audio.egg-info to /home/angel/concurso-audio-practica/install/audio/lib/python3.8/site-packages/audio-0.0.0-py3.8.egg-info
[3.780s] running install_scripts
[3.811s] Installing listener script to /home/angel/concurso-audio-practica/install/audio/lib/audio
[3.812s] Installing talker script to /home/angel/concurso-audio-practica/install/audio/lib/audio
[3.813s] writing list of installed files to '/home/angel/concurso-audio-practica/build/audio/install.log'
[3.846s] Invoked command in '/home/angel/concurso-audio-practica/audio' returned '0': PYTHONPATH=/home/angel/concurso-audio-practica/install/audio/lib/python3.8/site-packages:${PYTHONPATH} /usr/bin/python3 setup.py egg_info --egg-base ../build/audio build --build-base /home/angel/concurso-audio-practica/build/audio/build install --prefix /home/angel/concurso-audio-practica/install/audio --record /home/angel/concurso-audio-practica/build/audio/install.log --single-version-externally-managed
