[1.643s] Invoking command in '/home/angel/concurso-audio-practica/audio': PYTHONPATH=/home/angel/concurso-audio-practica/install/audio/lib/python3.8/site-packages:${PYTHONPATH} /usr/bin/python3 setup.py egg_info --egg-base ../build/audio build --build-base /home/angel/concurso-audio-practica/build/audio/build install --prefix /home/angel/concurso-audio-practica/install/audio --record /home/angel/concurso-audio-practica/build/audio/install.log --single-version-externally-managed
[2.123s] running egg_info
[2.124s] writing ../build/audio/audio.egg-info/PKG-INFO
[2.125s] writing dependency_links to ../build/audio/audio.egg-info/dependency_links.txt
[2.126s] writing entry points to ../build/audio/audio.egg-info/entry_points.txt
[2.127s] writing requirements to ../build/audio/audio.egg-info/requires.txt
[2.127s] writing top-level names to ../build/audio/audio.egg-info/top_level.txt
[2.211s] reading manifest file '../build/audio/audio.egg-info/SOURCES.txt'
[2.213s] writing manifest file '../build/audio/audio.egg-info/SOURCES.txt'
[2.214s] running build
[2.214s] running build_py
[2.215s] copying audio/audioPublisher.py -> /home/angel/concurso-audio-practica/build/audio/build/lib/audio
[2.216s] running install
[2.217s] running install_lib
[2.220s] copying /home/angel/concurso-audio-practica/build/audio/build/lib/audio/audioPublisher.py -> /home/angel/concurso-audio-practica/install/audio/lib/python3.8/site-packages/audio
[2.221s] byte-compiling /home/angel/concurso-audio-practica/install/audio/lib/python3.8/site-packages/audio/audioPublisher.py to audioPublisher.cpython-38.pyc
[2.224s] running install_data
[2.226s] running install_egg_info
[2.228s] removing '/home/angel/concurso-audio-practica/install/audio/lib/python3.8/site-packages/audio-0.0.0-py3.8.egg-info' (and everything under it)
[2.230s] Copying ../build/audio/audio.egg-info to /home/angel/concurso-audio-practica/install/audio/lib/python3.8/site-packages/audio-0.0.0-py3.8.egg-info
[2.233s] running install_scripts
[2.271s] Installing listener script to /home/angel/concurso-audio-practica/install/audio/lib/audio
[2.271s] Installing talker script to /home/angel/concurso-audio-practica/install/audio/lib/audio
[2.273s] writing list of installed files to '/home/angel/concurso-audio-practica/build/audio/install.log'
[2.316s] Invoked command in '/home/angel/concurso-audio-practica/audio' returned '0': PYTHONPATH=/home/angel/concurso-audio-practica/install/audio/lib/python3.8/site-packages:${PYTHONPATH} /usr/bin/python3 setup.py egg_info --egg-base ../build/audio build --build-base /home/angel/concurso-audio-practica/build/audio/build install --prefix /home/angel/concurso-audio-practica/install/audio --record /home/angel/concurso-audio-practica/build/audio/install.log --single-version-externally-managed
