[3.880s] Invoking command in '/home/angel/concurso-audio-practica/audio': PYTHONPATH=/home/angel/concurso-audio-practica/install/audio/lib/python3.8/site-packages:${PYTHONPATH} /usr/bin/python3 setup.py egg_info --egg-base ../build/audio build --build-base /home/angel/concurso-audio-practica/build/audio/build install --prefix /home/angel/concurso-audio-practica/install/audio --record /home/angel/concurso-audio-practica/build/audio/install.log --single-version-externally-managed
[4.445s] running egg_info
[4.447s] writing ../build/audio/audio.egg-info/PKG-INFO
[4.449s] writing dependency_links to ../build/audio/audio.egg-info/dependency_links.txt
[4.450s] writing entry points to ../build/audio/audio.egg-info/entry_points.txt
[4.451s] writing requirements to ../build/audio/audio.egg-info/requires.txt
[4.452s] writing top-level names to ../build/audio/audio.egg-info/top_level.txt
[4.592s] reading manifest file '../build/audio/audio.egg-info/SOURCES.txt'
[4.619s] writing manifest file '../build/audio/audio.egg-info/SOURCES.txt'
[4.621s] running build
[4.622s] running build_py
[4.623s] copying audio/audioSubscriber.py -> /home/angel/concurso-audio-practica/build/audio/build/lib/audio
[4.624s] running install
[4.626s] running install_lib
[4.628s] copying /home/angel/concurso-audio-practica/build/audio/build/lib/audio/audioSubscriber.py -> /home/angel/concurso-audio-practica/install/audio/lib/python3.8/site-packages/audio
[4.630s] byte-compiling /home/angel/concurso-audio-practica/install/audio/lib/python3.8/site-packages/audio/audioSubscriber.py to audioSubscriber.cpython-38.pyc
[4.635s] running install_data
[4.638s] running install_egg_info
[4.641s] removing '/home/angel/concurso-audio-practica/install/audio/lib/python3.8/site-packages/audio-0.0.0-py3.8.egg-info' (and everything under it)
[4.642s] Copying ../build/audio/audio.egg-info to /home/angel/concurso-audio-practica/install/audio/lib/python3.8/site-packages/audio-0.0.0-py3.8.egg-info
[4.669s] running install_scripts
[4.703s] Installing listener script to /home/angel/concurso-audio-practica/install/audio/lib/audio
[4.704s] Installing talker script to /home/angel/concurso-audio-practica/install/audio/lib/audio
[4.705s] writing list of installed files to '/home/angel/concurso-audio-practica/build/audio/install.log'
[4.745s] Invoked command in '/home/angel/concurso-audio-practica/audio' returned '0': PYTHONPATH=/home/angel/concurso-audio-practica/install/audio/lib/python3.8/site-packages:${PYTHONPATH} /usr/bin/python3 setup.py egg_info --egg-base ../build/audio build --build-base /home/angel/concurso-audio-practica/build/audio/build install --prefix /home/angel/concurso-audio-practica/install/audio --record /home/angel/concurso-audio-practica/build/audio/install.log --single-version-externally-managed
