[1.449s] Invoking command in '/home/angel/concurso-audio-practica/audio': PYTHONPATH=/home/angel/concurso-audio-practica/install/audio/lib/python3.8/site-packages:${PYTHONPATH} /usr/bin/python3 setup.py egg_info --egg-base ../build/audio build --build-base /home/angel/concurso-audio-practica/build/audio/build install --prefix /home/angel/concurso-audio-practica/install/audio --record /home/angel/concurso-audio-practica/build/audio/install.log --single-version-externally-managed
[1.905s] running egg_info
[1.906s] writing ../build/audio/audio.egg-info/PKG-INFO
[1.907s] writing dependency_links to ../build/audio/audio.egg-info/dependency_links.txt
[1.908s] writing entry points to ../build/audio/audio.egg-info/entry_points.txt
[1.909s] writing requirements to ../build/audio/audio.egg-info/requires.txt
[1.910s] writing top-level names to ../build/audio/audio.egg-info/top_level.txt
[1.994s] reading manifest file '../build/audio/audio.egg-info/SOURCES.txt'
[1.996s] writing manifest file '../build/audio/audio.egg-info/SOURCES.txt'
[1.997s] running build
[1.997s] running build_py
[1.998s] copying audio/audioSubscriber.py -> /home/angel/concurso-audio-practica/build/audio/build/lib/audio
[1.998s] running install
[2.000s] running install_lib
[2.002s] copying /home/angel/concurso-audio-practica/build/audio/build/lib/audio/audioSubscriber.py -> /home/angel/concurso-audio-practica/install/audio/lib/python3.8/site-packages/audio
[2.003s] byte-compiling /home/angel/concurso-audio-practica/install/audio/lib/python3.8/site-packages/audio/audioSubscriber.py to audioSubscriber.cpython-38.pyc
[2.006s] running install_data
[2.007s] running install_egg_info
[2.010s] removing '/home/angel/concurso-audio-practica/install/audio/lib/python3.8/site-packages/audio-0.0.0-py3.8.egg-info' (and everything under it)
[2.011s] Copying ../build/audio/audio.egg-info to /home/angel/concurso-audio-practica/install/audio/lib/python3.8/site-packages/audio-0.0.0-py3.8.egg-info
[2.013s] running install_scripts
[2.045s] Installing listener script to /home/angel/concurso-audio-practica/install/audio/lib/audio
[2.046s] Installing talker script to /home/angel/concurso-audio-practica/install/audio/lib/audio
[2.047s] writing list of installed files to '/home/angel/concurso-audio-practica/build/audio/install.log'
[2.091s] Invoked command in '/home/angel/concurso-audio-practica/audio' returned '0': PYTHONPATH=/home/angel/concurso-audio-practica/install/audio/lib/python3.8/site-packages:${PYTHONPATH} /usr/bin/python3 setup.py egg_info --egg-base ../build/audio build --build-base /home/angel/concurso-audio-practica/build/audio/build install --prefix /home/angel/concurso-audio-practica/install/audio --record /home/angel/concurso-audio-practica/build/audio/install.log --single-version-externally-managed
