[2.004s] Invoking command in '/home/angel/concurso-audio-practica/audio': PYTHONPATH=/home/angel/concurso-audio-practica/install/audio/lib/python3.8/site-packages:${PYTHONPATH} /usr/bin/python3 setup.py egg_info --egg-base ../build/audio build --build-base /home/angel/concurso-audio-practica/build/audio/build install --prefix /home/angel/concurso-audio-practica/install/audio --record /home/angel/concurso-audio-practica/build/audio/install.log --single-version-externally-managed
[2.523s] running egg_info
[2.527s] writing ../build/audio/audio.egg-info/PKG-INFO
[2.528s] writing dependency_links to ../build/audio/audio.egg-info/dependency_links.txt
[2.530s] writing entry points to ../build/audio/audio.egg-info/entry_points.txt
[2.530s] writing requirements to ../build/audio/audio.egg-info/requires.txt
[2.531s] writing top-level names to ../build/audio/audio.egg-info/top_level.txt
[2.625s] reading manifest file '../build/audio/audio.egg-info/SOURCES.txt'
[2.627s] writing manifest file '../build/audio/audio.egg-info/SOURCES.txt'
[2.628s] running build
[2.629s] running build_py
[2.630s] running install
[2.631s] running install_lib
[2.635s] running install_data
[2.638s] running install_egg_info
[2.641s] removing '/home/angel/concurso-audio-practica/install/audio/lib/python3.8/site-packages/audio-0.0.0-py3.8.egg-info' (and everything under it)
[2.642s] Copying ../build/audio/audio.egg-info to /home/angel/concurso-audio-practica/install/audio/lib/python3.8/site-packages/audio-0.0.0-py3.8.egg-info
[2.645s] running install_scripts
[2.688s] Installing listener script to /home/angel/concurso-audio-practica/install/audio/lib/audio
[2.689s] Installing talker script to /home/angel/concurso-audio-practica/install/audio/lib/audio
[2.690s] writing list of installed files to '/home/angel/concurso-audio-practica/build/audio/install.log'
[2.732s] Invoked command in '/home/angel/concurso-audio-practica/audio' returned '0': PYTHONPATH=/home/angel/concurso-audio-practica/install/audio/lib/python3.8/site-packages:${PYTHONPATH} /usr/bin/python3 setup.py egg_info --egg-base ../build/audio build --build-base /home/angel/concurso-audio-practica/build/audio/build install --prefix /home/angel/concurso-audio-practica/install/audio --record /home/angel/concurso-audio-practica/build/audio/install.log --single-version-externally-managed
