[1.401s] Invoking command in '/home/angel/concurso-audio-practica/audio': PYTHONPATH=/home/angel/concurso-audio-practica/install/audio/lib/python3.8/site-packages:${PYTHONPATH} /usr/bin/python3 setup.py egg_info --egg-base ../build/audio build --build-base /home/angel/concurso-audio-practica/build/audio/build install --prefix /home/angel/concurso-audio-practica/install/audio --record /home/angel/concurso-audio-practica/build/audio/install.log --single-version-externally-managed
[1.888s] running egg_info
[1.890s] writing ../build/audio/audio.egg-info/PKG-INFO
[1.891s] writing dependency_links to ../build/audio/audio.egg-info/dependency_links.txt
[1.892s] writing entry points to ../build/audio/audio.egg-info/entry_points.txt
[1.892s] writing requirements to ../build/audio/audio.egg-info/requires.txt
[1.893s] writing top-level names to ../build/audio/audio.egg-info/top_level.txt
[1.978s] reading manifest file '../build/audio/audio.egg-info/SOURCES.txt'
[1.980s] writing manifest file '../build/audio/audio.egg-info/SOURCES.txt'
[1.981s] running build
[1.981s] running build_py
[1.982s] copying audio/audioSubscriber.py -> /home/angel/concurso-audio-practica/build/audio/build/lib/audio
[1.983s] running install
[1.984s] running install_lib
[1.986s] copying /home/angel/concurso-audio-practica/build/audio/build/lib/audio/audioSubscriber.py -> /home/angel/concurso-audio-practica/install/audio/lib/python3.8/site-packages/audio
[1.988s] byte-compiling /home/angel/concurso-audio-practica/install/audio/lib/python3.8/site-packages/audio/audioSubscriber.py to audioSubscriber.cpython-38.pyc
[1.993s] running install_data
[1.995s] running install_egg_info
[1.998s] removing '/home/angel/concurso-audio-practica/install/audio/lib/python3.8/site-packages/audio-0.0.0-py3.8.egg-info' (and everything under it)
[1.999s] Copying ../build/audio/audio.egg-info to /home/angel/concurso-audio-practica/install/audio/lib/python3.8/site-packages/audio-0.0.0-py3.8.egg-info
[2.001s] running install_scripts
[2.030s] Installing listener script to /home/angel/concurso-audio-practica/install/audio/lib/audio
[2.031s] Installing talker script to /home/angel/concurso-audio-practica/install/audio/lib/audio
[2.032s] writing list of installed files to '/home/angel/concurso-audio-practica/build/audio/install.log'
[2.081s] Invoked command in '/home/angel/concurso-audio-practica/audio' returned '0': PYTHONPATH=/home/angel/concurso-audio-practica/install/audio/lib/python3.8/site-packages:${PYTHONPATH} /usr/bin/python3 setup.py egg_info --egg-base ../build/audio build --build-base /home/angel/concurso-audio-practica/build/audio/build install --prefix /home/angel/concurso-audio-practica/install/audio --record /home/angel/concurso-audio-practica/build/audio/install.log --single-version-externally-managed
