[1.904s] Invoking command in '/home/angel/concurso-audio-practica/audio': PYTHONPATH=/home/angel/concurso-audio-practica/install/audio/lib/python3.8/site-packages:${PYTHONPATH} /usr/bin/python3 setup.py egg_info --egg-base ../build/audio build --build-base /home/angel/concurso-audio-practica/build/audio/build install --prefix /home/angel/concurso-audio-practica/install/audio --record /home/angel/concurso-audio-practica/build/audio/install.log --single-version-externally-managed
[2.973s] running egg_info
[2.980s] writing ../build/audio/audio.egg-info/PKG-INFO
[2.982s] writing dependency_links to ../build/audio/audio.egg-info/dependency_links.txt
[2.983s] writing entry points to ../build/audio/audio.egg-info/entry_points.txt
[2.983s] writing requirements to ../build/audio/audio.egg-info/requires.txt
[2.984s] writing top-level names to ../build/audio/audio.egg-info/top_level.txt
[3.149s] reading manifest file '../build/audio/audio.egg-info/SOURCES.txt'
[3.152s] writing manifest file '../build/audio/audio.egg-info/SOURCES.txt'
[3.153s] running build
[3.154s] running build_py
[3.156s] copying audio/audioSubscriber.py -> /home/angel/concurso-audio-practica/build/audio/build/lib/audio
[3.157s] running install
[3.160s] running install_lib
[3.166s] copying /home/angel/concurso-audio-practica/build/audio/build/lib/audio/audioSubscriber.py -> /home/angel/concurso-audio-practica/install/audio/lib/python3.8/site-packages/audio
[3.167s] byte-compiling /home/angel/concurso-audio-practica/install/audio/lib/python3.8/site-packages/audio/audioSubscriber.py to audioSubscriber.cpython-38.pyc
[3.173s] running install_data
[3.176s] running install_egg_info
[3.186s] removing '/home/angel/concurso-audio-practica/install/audio/lib/python3.8/site-packages/audio-0.0.0-py3.8.egg-info' (and everything under it)
[3.188s] Copying ../build/audio/audio.egg-info to /home/angel/concurso-audio-practica/install/audio/lib/python3.8/site-packages/audio-0.0.0-py3.8.egg-info
[3.195s] running install_scripts
[3.263s] Installing listener script to /home/angel/concurso-audio-practica/install/audio/lib/audio
[3.264s] Installing talker script to /home/angel/concurso-audio-practica/install/audio/lib/audio
[3.267s] writing list of installed files to '/home/angel/concurso-audio-practica/build/audio/install.log'
[3.328s] Invoked command in '/home/angel/concurso-audio-practica/audio' returned '0': PYTHONPATH=/home/angel/concurso-audio-practica/install/audio/lib/python3.8/site-packages:${PYTHONPATH} /usr/bin/python3 setup.py egg_info --egg-base ../build/audio build --build-base /home/angel/concurso-audio-practica/build/audio/build install --prefix /home/angel/concurso-audio-practica/install/audio --record /home/angel/concurso-audio-practica/build/audio/install.log --single-version-externally-managed
