[0.269s] DEBUG:colcon:Command line arguments: ['/usr/bin/colcon', 'build']
[0.269s] DEBUG:colcon:Parsed command line arguments: Namespace(allow_overriding=[], ament_cmake_args=None, base_paths=['.'], build_base='build', catkin_cmake_args=None, catkin_skip_building_tests=False, cmake_args=None, cmake_clean_cache=False, cmake_clean_first=False, cmake_force_configure=False, cmake_target=None, cmake_target_skip_unavailable=False, continue_on_error=False, event_handlers=None, executor='parallel', ignore_user_meta=False, install_base='install', log_base=None, log_level=None, main=<bound method BuildVerb.main of <colcon_core.verb.build.BuildVerb object at 0x7fcb549e5220>>, merge_install=False, metas=['./colcon.meta'], packages_above=None, packages_above_and_dependencies=None, packages_above_depth=None, packages_end=None, packages_ignore=None, packages_ignore_regex=None, packages_select=None, packages_select_build_failed=False, packages_select_by_dep=None, packages_select_regex=None, packages_select_test_failures=False, packages_skip=None, packages_skip_build_finished=False, packages_skip_by_dep=None, packages_skip_regex=None, packages_skip_test_passed=False, packages_skip_up_to=None, packages_start=None, packages_up_to=None, packages_up_to_regex=None, parallel_workers=1, paths=None, symlink_install=False, test_result_base=None, verb_extension=<colcon_core.verb.build.BuildVerb object at 0x7fcb549e5220>, verb_name='build', verb_parser=<colcon_defaults.argument_parser.defaults.DefaultArgumentsDecorator object at 0x7fcb549e5760>)
[0.278s] Level 1:colcon.colcon_core.package_discovery:discover_packages(colcon_meta) check parameters
[0.278s] Level 1:colcon.colcon_core.package_discovery:discover_packages(recursive) check parameters
[0.278s] Level 1:colcon.colcon_core.package_discovery:discover_packages(ignore) check parameters
[0.278s] Level 1:colcon.colcon_core.package_discovery:discover_packages(path) check parameters
[0.279s] Level 1:colcon.colcon_core.package_discovery:discover_packages(colcon_meta) discover
[0.279s] Level 1:colcon.colcon_core.package_discovery:discover_packages(recursive) discover
[0.279s] INFO:colcon.colcon_core.package_discovery:Crawling recursively for packages in '/home/angel/concurso-audio-practica'
[0.279s] Level 1:colcon.colcon_core.package_identification:_identify(.) by extensions ['ignore', 'ignore_ament_install']
[0.279s] Level 1:colcon.colcon_core.package_identification:_identify(.) by extension 'ignore'
[0.279s] Level 1:colcon.colcon_core.package_identification:_identify(.) by extension 'ignore_ament_install'
[0.280s] Level 1:colcon.colcon_core.package_identification:_identify(.) by extensions ['colcon_pkg']
[0.280s] Level 1:colcon.colcon_core.package_identification:_identify(.) by extension 'colcon_pkg'
[0.280s] Level 1:colcon.colcon_core.package_identification:_identify(.) by extensions ['colcon_meta']
[0.280s] Level 1:colcon.colcon_core.package_identification:_identify(.) by extension 'colcon_meta'
[0.280s] Level 1:colcon.colcon_core.package_identification:_identify(.) by extensions ['ros']
[0.280s] Level 1:colcon.colcon_core.package_identification:_identify(.) by extension 'ros'
[0.298s] Level 1:colcon.colcon_core.package_identification:_identify(.) by extensions ['cmake', 'python']
[0.298s] Level 1:colcon.colcon_core.package_identification:_identify(.) by extension 'cmake'
[0.299s] Level 1:colcon.colcon_core.package_identification:_identify(.) by extension 'python'
[0.299s] Level 1:colcon.colcon_core.package_identification:_identify(.) by extensions ['python_setup_py']
[0.299s] Level 1:colcon.colcon_core.package_identification:_identify(.) by extension 'python_setup_py'
[0.299s] Level 1:colcon.colcon_core.package_identification:_identify(audio) by extensions ['ignore', 'ignore_ament_install']
[0.299s] Level 1:colcon.colcon_core.package_identification:_identify(audio) by extension 'ignore'
[0.299s] Level 1:colcon.colcon_core.package_identification:_identify(audio) by extension 'ignore_ament_install'
[0.299s] Level 1:colcon.colcon_core.package_identification:_identify(audio) by extensions ['colcon_pkg']
[0.299s] Level 1:colcon.colcon_core.package_identification:_identify(audio) by extension 'colcon_pkg'
[0.300s] Level 1:colcon.colcon_core.package_identification:_identify(audio) by extensions ['colcon_meta']
[0.300s] Level 1:colcon.colcon_core.package_identification:_identify(audio) by extension 'colcon_meta'
[0.300s] Level 1:colcon.colcon_core.package_identification:_identify(audio) by extensions ['ros']
[0.300s] Level 1:colcon.colcon_core.package_identification:_identify(audio) by extension 'ros'
[0.304s] DEBUG:colcon.colcon_core.package_identification:Package 'audio' with type 'ros.ament_python' and name 'audio'
[0.304s] Level 1:colcon.colcon_core.package_identification:_identify(build) by extensions ['ignore', 'ignore_ament_install']
[0.304s] Level 1:colcon.colcon_core.package_identification:_identify(build) by extension 'ignore'
[0.304s] Level 1:colcon.colcon_core.package_identification:_identify(build) ignored
[0.304s] Level 1:colcon.colcon_core.package_identification:_identify(install) by extensions ['ignore', 'ignore_ament_install']
[0.305s] Level 1:colcon.colcon_core.package_identification:_identify(install) by extension 'ignore'
[0.305s] Level 1:colcon.colcon_core.package_identification:_identify(install) ignored
[0.305s] Level 1:colcon.colcon_core.package_identification:_identify(log) by extensions ['ignore', 'ignore_ament_install']
[0.305s] Level 1:colcon.colcon_core.package_identification:_identify(log) by extension 'ignore'
[0.305s] Level 1:colcon.colcon_core.package_identification:_identify(log) ignored
[0.306s] Level 1:colcon.colcon_core.package_identification:_identify(output) by extensions ['ignore', 'ignore_ament_install']
[0.306s] Level 1:colcon.colcon_core.package_identification:_identify(output) by extension 'ignore'
[0.306s] Level 1:colcon.colcon_core.package_identification:_identify(output) by extension 'ignore_ament_install'
[0.306s] Level 1:colcon.colcon_core.package_identification:_identify(output) by extensions ['colcon_pkg']
[0.306s] Level 1:colcon.colcon_core.package_identification:_identify(output) by extension 'colcon_pkg'
[0.306s] Level 1:colcon.colcon_core.package_identification:_identify(output) by extensions ['colcon_meta']
[0.306s] Level 1:colcon.colcon_core.package_identification:_identify(output) by extension 'colcon_meta'
[0.307s] Level 1:colcon.colcon_core.package_identification:_identify(output) by extensions ['ros']
[0.307s] Level 1:colcon.colcon_core.package_identification:_identify(output) by extension 'ros'
[0.307s] Level 1:colcon.colcon_core.package_identification:_identify(output) by extensions ['cmake', 'python']
[0.307s] Level 1:colcon.colcon_core.package_identification:_identify(output) by extension 'cmake'
[0.307s] Level 1:colcon.colcon_core.package_identification:_identify(output) by extension 'python'
[0.307s] Level 1:colcon.colcon_core.package_identification:_identify(output) by extensions ['python_setup_py']
[0.307s] Level 1:colcon.colcon_core.package_identification:_identify(output) by extension 'python_setup_py'
[0.307s] Level 1:colcon.colcon_core.package_discovery:discover_packages(recursive) using defaults
[0.307s] Level 1:colcon.colcon_core.package_discovery:discover_packages(ignore) discover
[0.308s] Level 1:colcon.colcon_core.package_discovery:discover_packages(ignore) using defaults
[0.308s] Level 1:colcon.colcon_core.package_discovery:discover_packages(path) discover
[0.308s] Level 1:colcon.colcon_core.package_discovery:discover_packages(path) using defaults
[0.340s] Level 5:colcon.colcon_core.verb:set package 'audio' build argument 'cmake_args' from command line to 'None'
[0.341s] Level 5:colcon.colcon_core.verb:set package 'audio' build argument 'cmake_target' from command line to 'None'
[0.341s] Level 5:colcon.colcon_core.verb:set package 'audio' build argument 'cmake_target_skip_unavailable' from command line to 'False'
[0.341s] Level 5:colcon.colcon_core.verb:set package 'audio' build argument 'cmake_clean_cache' from command line to 'False'
[0.341s] Level 5:colcon.colcon_core.verb:set package 'audio' build argument 'cmake_clean_first' from command line to 'False'
[0.341s] Level 5:colcon.colcon_core.verb:set package 'audio' build argument 'cmake_force_configure' from command line to 'False'
[0.341s] Level 5:colcon.colcon_core.verb:set package 'audio' build argument 'ament_cmake_args' from command line to 'None'
[0.341s] Level 5:colcon.colcon_core.verb:set package 'audio' build argument 'catkin_cmake_args' from command line to 'None'
[0.341s] Level 5:colcon.colcon_core.verb:set package 'audio' build argument 'catkin_skip_building_tests' from command line to 'False'
[0.341s] DEBUG:colcon.colcon_core.verb:Building package 'audio' with the following arguments: {'ament_cmake_args': None, 'build_base': '/home/angel/concurso-audio-practica/build/audio', 'catkin_cmake_args': None, 'catkin_skip_building_tests': False, 'cmake_args': None, 'cmake_clean_cache': False, 'cmake_clean_first': False, 'cmake_force_configure': False, 'cmake_target': None, 'cmake_target_skip_unavailable': False, 'install_base': '/home/angel/concurso-audio-practica/install/audio', 'merge_install': False, 'path': '/home/angel/concurso-audio-practica/audio', 'symlink_install': False, 'test_result_base': None}
[0.356s] INFO:colcon.colcon_core.executor:Executing jobs using 'parallel' executor
[0.359s] DEBUG:colcon.colcon_parallel_executor.executor.parallel:run_until_complete
[0.359s] INFO:colcon.colcon_ros.task.ament_python.build:Building ROS package in '/home/angel/concurso-audio-practica/audio' with build type 'ament_python'
[0.360s] Level 1:colcon.colcon_core.shell:create_environment_hook('audio', 'ament_prefix_path')
[0.364s] INFO:colcon.colcon_core.plugin_system:Skipping extension 'colcon_core.shell.bat': Not used on non-Windows systems
[0.365s] INFO:colcon.colcon_core.shell:Creating environment hook '/home/angel/concurso-audio-practica/install/audio/share/audio/hook/ament_prefix_path.ps1'
[0.367s] INFO:colcon.colcon_core.shell:Creating environment descriptor '/home/angel/concurso-audio-practica/install/audio/share/audio/hook/ament_prefix_path.dsv'
[0.367s] INFO:colcon.colcon_core.shell:Creating environment hook '/home/angel/concurso-audio-practica/install/audio/share/audio/hook/ament_prefix_path.sh'
[0.370s] INFO:colcon.colcon_core.shell:Skip shell extension 'powershell' for command environment: Not usable outside of PowerShell
[0.370s] DEBUG:colcon.colcon_core.shell:Skip shell extension 'dsv' for command environment
[1.079s] INFO:colcon.colcon_core.task.python.build:Building Python package in '/home/angel/concurso-audio-practica/audio'
[1.084s] INFO:colcon.colcon_core.shell:Skip shell extension 'powershell' for command environment: Not usable outside of PowerShell
[1.085s] DEBUG:colcon.colcon_core.shell:Skip shell extension 'dsv' for command environment
[3.340s] DEBUG:colcon.colcon_core.event_handler.log_command:Invoking command in '/home/angel/concurso-audio-practica/audio': PYTHONPATH=/home/angel/concurso-audio-practica/install/audio/lib/python3.8/site-packages:${PYTHONPATH} /usr/bin/python3 setup.py egg_info --egg-base ../build/audio build --build-base /home/angel/concurso-audio-practica/build/audio/build install --prefix /home/angel/concurso-audio-practica/install/audio --record /home/angel/concurso-audio-practica/build/audio/install.log --single-version-externally-managed
[4.763s] DEBUG:colcon.colcon_core.event_handler.log_command:Invoked command in '/home/angel/concurso-audio-practica/audio' returned '0': PYTHONPATH=/home/angel/concurso-audio-practica/install/audio/lib/python3.8/site-packages:${PYTHONPATH} /usr/bin/python3 setup.py egg_info --egg-base ../build/audio build --build-base /home/angel/concurso-audio-practica/build/audio/build install --prefix /home/angel/concurso-audio-practica/install/audio --record /home/angel/concurso-audio-practica/build/audio/install.log --single-version-externally-managed
[4.772s] Level 1:colcon.colcon_core.environment:checking '/home/angel/concurso-audio-practica/install/audio' for CMake module files
[4.775s] Level 1:colcon.colcon_core.environment:checking '/home/angel/concurso-audio-practica/install/audio' for CMake config files
[4.776s] Level 1:colcon.colcon_core.environment:checking '/home/angel/concurso-audio-practica/install/audio/lib'
[4.779s] Level 1:colcon.colcon_core.environment:checking '/home/angel/concurso-audio-practica/install/audio/bin'
[4.779s] Level 1:colcon.colcon_core.environment:checking '/home/angel/concurso-audio-practica/install/audio/lib/pkgconfig/audio.pc'
[4.779s] Level 1:colcon.colcon_core.environment:checking '/home/angel/concurso-audio-practica/install/audio/lib/python3.8/site-packages'
[4.779s] Level 1:colcon.colcon_core.shell:create_environment_hook('audio', 'pythonpath')
[4.780s] INFO:colcon.colcon_core.shell:Creating environment hook '/home/angel/concurso-audio-practica/install/audio/share/audio/hook/pythonpath.ps1'
[4.783s] INFO:colcon.colcon_core.shell:Creating environment descriptor '/home/angel/concurso-audio-practica/install/audio/share/audio/hook/pythonpath.dsv'
[4.784s] INFO:colcon.colcon_core.shell:Creating environment hook '/home/angel/concurso-audio-practica/install/audio/share/audio/hook/pythonpath.sh'
[4.787s] Level 1:colcon.colcon_core.environment:create_environment_scripts_only(audio)
[4.788s] INFO:colcon.colcon_core.shell:Creating package script '/home/angel/concurso-audio-practica/install/audio/share/audio/package.ps1'
[4.795s] INFO:colcon.colcon_core.shell:Creating package descriptor '/home/angel/concurso-audio-practica/install/audio/share/audio/package.dsv'
[4.796s] INFO:colcon.colcon_core.shell:Creating package script '/home/angel/concurso-audio-practica/install/audio/share/audio/package.sh'
[4.797s] INFO:colcon.colcon_core.shell:Creating package script '/home/angel/concurso-audio-practica/install/audio/share/audio/package.bash'
[4.803s] INFO:colcon.colcon_core.shell:Creating package script '/home/angel/concurso-audio-practica/install/audio/share/audio/package.zsh'
[4.804s] Level 1:colcon.colcon_core.environment:create_file_with_runtime_dependencies(/home/angel/concurso-audio-practica/install/audio/share/colcon-core/packages/audio)
[4.807s] DEBUG:colcon.colcon_parallel_executor.executor.parallel:closing loop
[4.807s] DEBUG:colcon.colcon_parallel_executor.executor.parallel:loop closed
[4.807s] DEBUG:colcon.colcon_parallel_executor.executor.parallel:run_until_complete finished with '0'
[4.807s] DEBUG:colcon.colcon_core.event_reactor:joining thread
[4.863s] INFO:colcon.colcon_core.plugin_system:Skipping extension 'colcon_notification.desktop_notification.terminal_notifier': Not used on non-Darwin systems
[4.864s] INFO:colcon.colcon_core.plugin_system:Skipping extension 'colcon_notification.desktop_notification.win32': Not used on non-Windows systems
[4.864s] INFO:colcon.colcon_notification.desktop_notification:Sending desktop notification using 'notify2'
[4.928s] DEBUG:colcon.colcon_core.event_reactor:joined thread
[4.929s] INFO:colcon.colcon_core.shell:Creating prefix script '/home/angel/concurso-audio-practica/install/local_setup.ps1'
[4.931s] INFO:colcon.colcon_core.shell:Creating prefix util module '/home/angel/concurso-audio-practica/install/_local_setup_util_ps1.py'
[4.944s] INFO:colcon.colcon_core.shell:Creating prefix chain script '/home/angel/concurso-audio-practica/install/setup.ps1'
[4.955s] INFO:colcon.colcon_core.shell:Creating prefix script '/home/angel/concurso-audio-practica/install/local_setup.sh'
[4.959s] INFO:colcon.colcon_core.shell:Creating prefix util module '/home/angel/concurso-audio-practica/install/_local_setup_util_sh.py'
[4.960s] INFO:colcon.colcon_core.shell:Creating prefix chain script '/home/angel/concurso-audio-practica/install/setup.sh'
[4.967s] INFO:colcon.colcon_core.shell:Creating prefix script '/home/angel/concurso-audio-practica/install/local_setup.bash'
[4.970s] INFO:colcon.colcon_core.shell:Creating prefix chain script '/home/angel/concurso-audio-practica/install/setup.bash'
[4.975s] INFO:colcon.colcon_core.shell:Creating prefix script '/home/angel/concurso-audio-practica/install/local_setup.zsh'
[4.979s] INFO:colcon.colcon_core.shell:Creating prefix chain script '/home/angel/concurso-audio-practica/install/setup.zsh'
