[3.250s] Invoking command in '/home/angel/concurso-audio-practica/audio': PYTHONPATH=/home/angel/concurso-audio-practica/install/audio/lib/python3.8/site-packages:${PYTHONPATH} /usr/bin/python3 setup.py egg_info --egg-base ../build/audio build --build-base /home/angel/concurso-audio-practica/build/audio/build install --prefix /home/angel/concurso-audio-practica/install/audio --record /home/angel/concurso-audio-practica/build/audio/install.log --single-version-externally-managed
[4.195s] running egg_info
[4.198s] writing ../build/audio/audio.egg-info/PKG-INFO
[4.199s] writing dependency_links to ../build/audio/audio.egg-info/dependency_links.txt
[4.200s] writing entry points to ../build/audio/audio.egg-info/entry_points.txt
[4.204s] writing requirements to ../build/audio/audio.egg-info/requires.txt
[4.205s] writing top-level names to ../build/audio/audio.egg-info/top_level.txt
[4.391s] reading manifest file '../build/audio/audio.egg-info/SOURCES.txt'
[4.396s] writing manifest file '../build/audio/audio.egg-info/SOURCES.txt'
[4.398s] running build
[4.398s] running build_py
[4.399s] copying audio/audioPublisher.py -> /home/angel/concurso-audio-practica/build/audio/build/lib/audio
[4.401s] running install
[4.404s] running install_lib
[4.408s] copying /home/angel/concurso-audio-practica/build/audio/build/lib/audio/audioPublisher.py -> /home/angel/concurso-audio-practica/install/audio/lib/python3.8/site-packages/audio
[4.413s] byte-compiling /home/angel/concurso-audio-practica/install/audio/lib/python3.8/site-packages/audio/audioPublisher.py to audioPublisher.cpython-38.pyc
[4.418s] running install_data
[4.420s] running install_egg_info
[4.425s] removing '/home/angel/concurso-audio-practica/install/audio/lib/python3.8/site-packages/audio-0.0.0-py3.8.egg-info' (and everything under it)
[4.429s] Copying ../build/audio/audio.egg-info to /home/angel/concurso-audio-practica/install/audio/lib/python3.8/site-packages/audio-0.0.0-py3.8.egg-info
[4.432s] running install_scripts
[4.508s] Installing listener script to /home/angel/concurso-audio-practica/install/audio/lib/audio
[4.509s] Installing talker script to /home/angel/concurso-audio-practica/install/audio/lib/audio
[4.514s] writing list of installed files to '/home/angel/concurso-audio-practica/build/audio/install.log'
[4.604s] Invoked command in '/home/angel/concurso-audio-practica/audio' returned '0': PYTHONPATH=/home/angel/concurso-audio-practica/install/audio/lib/python3.8/site-packages:${PYTHONPATH} /usr/bin/python3 setup.py egg_info --egg-base ../build/audio build --build-base /home/angel/concurso-audio-practica/build/audio/build install --prefix /home/angel/concurso-audio-practica/install/audio --record /home/angel/concurso-audio-practica/build/audio/install.log --single-version-externally-managed
