running egg_info
creating ../build/audio/audio.egg-info
writing ../build/audio/audio.egg-info/PKG-INFO
writing dependency_links to ../build/audio/audio.egg-info/dependency_links.txt
writing entry points to ../build/audio/audio.egg-info/entry_points.txt
writing requirements to ../build/audio/audio.egg-info/requires.txt
writing top-level names to ../build/audio/audio.egg-info/top_level.txt
writing manifest file '../build/audio/audio.egg-info/SOURCES.txt'
reading manifest file '../build/audio/audio.egg-info/SOURCES.txt'
writing manifest file '../build/audio/audio.egg-info/SOURCES.txt'
running build
running build_py
creating /home/angel/concurso-audio-practica/build/audio/build
creating /home/angel/concurso-audio-practica/build/audio/build/lib
creating /home/angel/concurso-audio-practica/build/audio/build/lib/audio
copying audio/audioPublisher.py -> /home/angel/concurso-audio-practica/build/audio/build/lib/audio
copying audio/__init__.py -> /home/angel/concurso-audio-practica/build/audio/build/lib/audio
copying audio/audioSubscriber.py -> /home/angel/concurso-audio-practica/build/audio/build/lib/audio
running install
running install_lib
creating /home/angel/concurso-audio-practica/install/audio/lib/python3.8/site-packages/audio
copying /home/angel/concurso-audio-practica/build/audio/build/lib/audio/audioPublisher.py -> /home/angel/concurso-audio-practica/install/audio/lib/python3.8/site-packages/audio
copying /home/angel/concurso-audio-practica/build/audio/build/lib/audio/__init__.py -> /home/angel/concurso-audio-practica/install/audio/lib/python3.8/site-packages/audio
copying /home/angel/concurso-audio-practica/build/audio/build/lib/audio/audioSubscriber.py -> /home/angel/concurso-audio-practica/install/audio/lib/python3.8/site-packages/audio
byte-compiling /home/angel/concurso-audio-practica/install/audio/lib/python3.8/site-packages/audio/audioPublisher.py to audioPublisher.cpython-38.pyc
byte-compiling /home/angel/concurso-audio-practica/install/audio/lib/python3.8/site-packages/audio/__init__.py to __init__.cpython-38.pyc
byte-compiling /home/angel/concurso-audio-practica/install/audio/lib/python3.8/site-packages/audio/audioSubscriber.py to audioSubscriber.cpython-38.pyc
running install_data
creating /home/angel/concurso-audio-practica/install/audio/share/ament_index
creating /home/angel/concurso-audio-practica/install/audio/share/ament_index/resource_index
creating /home/angel/concurso-audio-practica/install/audio/share/ament_index/resource_index/packages
copying resource/audio -> /home/angel/concurso-audio-practica/install/audio/share/ament_index/resource_index/packages
copying package.xml -> /home/angel/concurso-audio-practica/install/audio/share/audio
running install_egg_info
Copying ../build/audio/audio.egg-info to /home/angel/concurso-audio-practica/install/audio/lib/python3.8/site-packages/audio-0.0.0-py3.8.egg-info
running install_scripts
Installing listener script to /home/angel/concurso-audio-practica/install/audio/lib/audio
Installing talker script to /home/angel/concurso-audio-practica/install/audio/lib/audio
writing list of installed files to '/home/angel/concurso-audio-practica/build/audio/install.log'
