[1.274s] Invoking command in '/home/angel/concurso-audio-practica/audio': PYTHONPATH=/home/angel/concurso-audio-practica/install/audio/lib/python3.8/site-packages:${PYTHONPATH} /usr/bin/python3 setup.py egg_info --egg-base ../build/audio build --build-base /home/angel/concurso-audio-practica/build/audio/build install --prefix /home/angel/concurso-audio-practica/install/audio --record /home/angel/concurso-audio-practica/build/audio/install.log --single-version-externally-managed
[1.716s] running egg_info
[1.718s] creating ../build/audio/audio.egg-info
[1.718s] writing ../build/audio/audio.egg-info/PKG-INFO
[1.719s] writing dependency_links to ../build/audio/audio.egg-info/dependency_links.txt
[1.719s] writing entry points to ../build/audio/audio.egg-info/entry_points.txt
[1.719s] writing requirements to ../build/audio/audio.egg-info/requires.txt
[1.720s] writing top-level names to ../build/audio/audio.egg-info/top_level.txt
[1.722s] writing manifest file '../build/audio/audio.egg-info/SOURCES.txt'
[1.806s] reading manifest file '../build/audio/audio.egg-info/SOURCES.txt'
[1.808s] writing manifest file '../build/audio/audio.egg-info/SOURCES.txt'
[1.809s] running build
[1.809s] running build_py
[1.809s] creating /home/angel/concurso-audio-practica/build/audio/build
[1.810s] creating /home/angel/concurso-audio-practica/build/audio/build/lib
[1.810s] creating /home/angel/concurso-audio-practica/build/audio/build/lib/audio
[1.810s] copying audio/audioPublisher.py -> /home/angel/concurso-audio-practica/build/audio/build/lib/audio
[1.810s] copying audio/__init__.py -> /home/angel/concurso-audio-practica/build/audio/build/lib/audio
[1.811s] copying audio/audioSubscriber.py -> /home/angel/concurso-audio-practica/build/audio/build/lib/audio
[1.812s] running install
[1.814s] running install_lib
[1.816s] creating /home/angel/concurso-audio-practica/install/audio/lib/python3.8/site-packages/audio
[1.816s] copying /home/angel/concurso-audio-practica/build/audio/build/lib/audio/audioPublisher.py -> /home/angel/concurso-audio-practica/install/audio/lib/python3.8/site-packages/audio
[1.816s] copying /home/angel/concurso-audio-practica/build/audio/build/lib/audio/__init__.py -> /home/angel/concurso-audio-practica/install/audio/lib/python3.8/site-packages/audio
[1.817s] copying /home/angel/concurso-audio-practica/build/audio/build/lib/audio/audioSubscriber.py -> /home/angel/concurso-audio-practica/install/audio/lib/python3.8/site-packages/audio
[1.818s] byte-compiling /home/angel/concurso-audio-practica/install/audio/lib/python3.8/site-packages/audio/audioPublisher.py to audioPublisher.cpython-38.pyc
[1.821s] byte-compiling /home/angel/concurso-audio-practica/install/audio/lib/python3.8/site-packages/audio/__init__.py to __init__.cpython-38.pyc
[1.821s] byte-compiling /home/angel/concurso-audio-practica/install/audio/lib/python3.8/site-packages/audio/audioSubscriber.py to audioSubscriber.cpython-38.pyc
[1.822s] running install_data
[1.823s] creating /home/angel/concurso-audio-practica/install/audio/share/ament_index
[1.823s] creating /home/angel/concurso-audio-practica/install/audio/share/ament_index/resource_index
[1.824s] creating /home/angel/concurso-audio-practica/install/audio/share/ament_index/resource_index/packages
[1.824s] copying resource/audio -> /home/angel/concurso-audio-practica/install/audio/share/ament_index/resource_index/packages
[1.824s] copying package.xml -> /home/angel/concurso-audio-practica/install/audio/share/audio
[1.825s] running install_egg_info
[1.827s] Copying ../build/audio/audio.egg-info to /home/angel/concurso-audio-practica/install/audio/lib/python3.8/site-packages/audio-0.0.0-py3.8.egg-info
[1.835s] running install_scripts
[1.868s] Installing listener script to /home/angel/concurso-audio-practica/install/audio/lib/audio
[1.869s] Installing talker script to /home/angel/concurso-audio-practica/install/audio/lib/audio
[1.870s] writing list of installed files to '/home/angel/concurso-audio-practica/build/audio/install.log'
[1.906s] Invoked command in '/home/angel/concurso-audio-practica/audio' returned '0': PYTHONPATH=/home/angel/concurso-audio-practica/install/audio/lib/python3.8/site-packages:${PYTHONPATH} /usr/bin/python3 setup.py egg_info --egg-base ../build/audio build --build-base /home/angel/concurso-audio-practica/build/audio/build install --prefix /home/angel/concurso-audio-practica/install/audio --record /home/angel/concurso-audio-practica/build/audio/install.log --single-version-externally-managed
