[1.744s] Invoking command in '/home/angel/concurso-audio-practica/audio': PYTHONPATH=/home/angel/concurso-audio-practica/install/audio/lib/python3.8/site-packages:${PYTHONPATH} /usr/bin/python3 setup.py egg_info --egg-base ../build/audio build --build-base /home/angel/concurso-audio-practica/build/audio/build install --prefix /home/angel/concurso-audio-practica/install/audio --record /home/angel/concurso-audio-practica/build/audio/install.log --single-version-externally-managed
[2.292s] running egg_info
[2.294s] writing ../build/audio/audio.egg-info/PKG-INFO
[2.296s] writing dependency_links to ../build/audio/audio.egg-info/dependency_links.txt
[2.297s] writing entry points to ../build/audio/audio.egg-info/entry_points.txt
[2.297s] writing requirements to ../build/audio/audio.egg-info/requires.txt
[2.298s] writing top-level names to ../build/audio/audio.egg-info/top_level.txt
[2.407s] reading manifest file '../build/audio/audio.egg-info/SOURCES.txt'
[2.411s] writing manifest file '../build/audio/audio.egg-info/SOURCES.txt'
[2.411s] running build
[2.412s] running build_py
[2.415s] copying audio/audioSubscriber.py -> /home/angel/concurso-audio-practica/build/audio/build/lib/audio
[2.416s] running install
[2.419s] running install_lib
[2.423s] copying /home/angel/concurso-audio-practica/build/audio/build/lib/audio/audioSubscriber.py -> /home/angel/concurso-audio-practica/install/audio/lib/python3.8/site-packages/audio
[2.427s] byte-compiling /home/angel/concurso-audio-practica/install/audio/lib/python3.8/site-packages/audio/audioSubscriber.py to audioSubscriber.cpython-38.pyc
[2.433s] running install_data
[2.435s] running install_egg_info
[2.438s] removing '/home/angel/concurso-audio-practica/install/audio/lib/python3.8/site-packages/audio-0.0.0-py3.8.egg-info' (and everything under it)
[2.439s] Copying ../build/audio/audio.egg-info to /home/angel/concurso-audio-practica/install/audio/lib/python3.8/site-packages/audio-0.0.0-py3.8.egg-info
[2.442s] running install_scripts
[2.486s] Installing listener script to /home/angel/concurso-audio-practica/install/audio/lib/audio
[2.487s] Installing talker script to /home/angel/concurso-audio-practica/install/audio/lib/audio
[2.488s] writing list of installed files to '/home/angel/concurso-audio-practica/build/audio/install.log'
[2.531s] Invoked command in '/home/angel/concurso-audio-practica/audio' returned '0': PYTHONPATH=/home/angel/concurso-audio-practica/install/audio/lib/python3.8/site-packages:${PYTHONPATH} /usr/bin/python3 setup.py egg_info --egg-base ../build/audio build --build-base /home/angel/concurso-audio-practica/build/audio/build install --prefix /home/angel/concurso-audio-practica/install/audio --record /home/angel/concurso-audio-practica/build/audio/install.log --single-version-externally-managed
