[1.387s] Invoking command in '/home/angel/concurso-audio-practica/audio': PYTHONPATH=/home/angel/concurso-audio-practica/install/audio/lib/python3.8/site-packages:${PYTHONPATH} /usr/bin/python3 setup.py egg_info --egg-base ../build/audio build --build-base /home/angel/concurso-audio-practica/build/audio/build install --prefix /home/angel/concurso-audio-practica/install/audio --record /home/angel/concurso-audio-practica/build/audio/install.log --single-version-externally-managed
[1.815s] running egg_info
[1.817s] writing ../build/audio/audio.egg-info/PKG-INFO
[1.818s] writing dependency_links to ../build/audio/audio.egg-info/dependency_links.txt
[1.819s] writing entry points to ../build/audio/audio.egg-info/entry_points.txt
[1.819s] writing requirements to ../build/audio/audio.egg-info/requires.txt
[1.820s] writing top-level names to ../build/audio/audio.egg-info/top_level.txt
[1.902s] reading manifest file '../build/audio/audio.egg-info/SOURCES.txt'
[1.905s] writing manifest file '../build/audio/audio.egg-info/SOURCES.txt'
[1.905s] running build
[1.906s] running build_py
[1.907s] copying audio/audioSubscriber.py -> /home/angel/concurso-audio-practica/build/audio/build/lib/audio
[1.907s] running install
[1.909s] running install_lib
[1.911s] copying /home/angel/concurso-audio-practica/build/audio/build/lib/audio/audioSubscriber.py -> /home/angel/concurso-audio-practica/install/audio/lib/python3.8/site-packages/audio
[1.913s] byte-compiling /home/angel/concurso-audio-practica/install/audio/lib/python3.8/site-packages/audio/audioSubscriber.py to audioSubscriber.cpython-38.pyc
[1.916s] running install_data
[1.917s] running install_egg_info
[1.921s] removing '/home/angel/concurso-audio-practica/install/audio/lib/python3.8/site-packages/audio-0.0.0-py3.8.egg-info' (and everything under it)
[1.922s] Copying ../build/audio/audio.egg-info to /home/angel/concurso-audio-practica/install/audio/lib/python3.8/site-packages/audio-0.0.0-py3.8.egg-info
[1.925s] running install_scripts
[1.963s] Installing listener script to /home/angel/concurso-audio-practica/install/audio/lib/audio
[1.987s] Installing talker script to /home/angel/concurso-audio-practica/install/audio/lib/audio
[1.988s] writing list of installed files to '/home/angel/concurso-audio-practica/build/audio/install.log'
[2.028s] Invoked command in '/home/angel/concurso-audio-practica/audio' returned '0': PYTHONPATH=/home/angel/concurso-audio-practica/install/audio/lib/python3.8/site-packages:${PYTHONPATH} /usr/bin/python3 setup.py egg_info --egg-base ../build/audio build --build-base /home/angel/concurso-audio-practica/build/audio/build install --prefix /home/angel/concurso-audio-practica/install/audio --record /home/angel/concurso-audio-practica/build/audio/install.log --single-version-externally-managed
