[1.674s] Invoking command in '/home/angel/concurso-audio-practica/audio': PYTHONPATH=/home/angel/concurso-audio-practica/install/audio/lib/python3.8/site-packages:${PYTHONPATH} /usr/bin/python3 setup.py egg_info --egg-base ../build/audio build --build-base /home/angel/concurso-audio-practica/build/audio/build install --prefix /home/angel/concurso-audio-practica/install/audio --record /home/angel/concurso-audio-practica/build/audio/install.log --single-version-externally-managed
[2.292s] running egg_info
[2.294s] writing ../build/audio/audio.egg-info/PKG-INFO
[2.295s] writing dependency_links to ../build/audio/audio.egg-info/dependency_links.txt
[2.295s] writing entry points to ../build/audio/audio.egg-info/entry_points.txt
[2.296s] writing requirements to ../build/audio/audio.egg-info/requires.txt
[2.297s] writing top-level names to ../build/audio/audio.egg-info/top_level.txt
[2.381s] reading manifest file '../build/audio/audio.egg-info/SOURCES.txt'
[2.383s] writing manifest file '../build/audio/audio.egg-info/SOURCES.txt'
[2.384s] running build
[2.384s] running build_py
[2.385s] copying audio/audioSubscriber.py -> /home/angel/concurso-audio-practica/build/audio/build/lib/audio
[2.386s] running install
[2.388s] running install_lib
[2.390s] copying /home/angel/concurso-audio-practica/build/audio/build/lib/audio/audioSubscriber.py -> /home/angel/concurso-audio-practica/install/audio/lib/python3.8/site-packages/audio
[2.392s] byte-compiling /home/angel/concurso-audio-practica/install/audio/lib/python3.8/site-packages/audio/audioSubscriber.py to audioSubscriber.cpython-38.pyc
[2.395s] running install_data
[2.396s] running install_egg_info
[2.399s] removing '/home/angel/concurso-audio-practica/install/audio/lib/python3.8/site-packages/audio-0.0.0-py3.8.egg-info' (and everything under it)
[2.400s] Copying ../build/audio/audio.egg-info to /home/angel/concurso-audio-practica/install/audio/lib/python3.8/site-packages/audio-0.0.0-py3.8.egg-info
[2.403s] running install_scripts
[2.435s] Installing listener script to /home/angel/concurso-audio-practica/install/audio/lib/audio
[2.436s] Installing talker script to /home/angel/concurso-audio-practica/install/audio/lib/audio
[2.437s] writing list of installed files to '/home/angel/concurso-audio-practica/build/audio/install.log'
[2.479s] Invoked command in '/home/angel/concurso-audio-practica/audio' returned '0': PYTHONPATH=/home/angel/concurso-audio-practica/install/audio/lib/python3.8/site-packages:${PYTHONPATH} /usr/bin/python3 setup.py egg_info --egg-base ../build/audio build --build-base /home/angel/concurso-audio-practica/build/audio/build install --prefix /home/angel/concurso-audio-practica/install/audio --record /home/angel/concurso-audio-practica/build/audio/install.log --single-version-externally-managed
