[1.729s] Invoking command in '/home/angel/concurso-audio-practica/audio': PYTHONPATH=/home/angel/concurso-audio-practica/install/audio/lib/python3.8/site-packages:${PYTHONPATH} /usr/bin/python3 setup.py egg_info --egg-base ../build/audio build --build-base /home/angel/concurso-audio-practica/build/audio/build install --prefix /home/angel/concurso-audio-practica/install/audio --record /home/angel/concurso-audio-practica/build/audio/install.log --single-version-externally-managed
[2.255s] running egg_info
[2.257s] writing ../build/audio/audio.egg-info/PKG-INFO
[2.258s] writing dependency_links to ../build/audio/audio.egg-info/dependency_links.txt
[2.259s] writing entry points to ../build/audio/audio.egg-info/entry_points.txt
[2.259s] writing requirements to ../build/audio/audio.egg-info/requires.txt
[2.260s] writing top-level names to ../build/audio/audio.egg-info/top_level.txt
[2.340s] reading manifest file '../build/audio/audio.egg-info/SOURCES.txt'
[2.342s] writing manifest file '../build/audio/audio.egg-info/SOURCES.txt'
[2.343s] running build
[2.343s] running build_py
[2.344s] copying audio/audioSubscriber.py -> /home/angel/concurso-audio-practica/build/audio/build/lib/audio
[2.345s] running install
[2.349s] running install_lib
[2.352s] copying /home/angel/concurso-audio-practica/build/audio/build/lib/audio/audioSubscriber.py -> /home/angel/concurso-audio-practica/install/audio/lib/python3.8/site-packages/audio
[2.354s] byte-compiling /home/angel/concurso-audio-practica/install/audio/lib/python3.8/site-packages/audio/audioSubscriber.py to audioSubscriber.cpython-38.pyc
[2.360s] running install_data
[2.362s] running install_egg_info
[2.365s] removing '/home/angel/concurso-audio-practica/install/audio/lib/python3.8/site-packages/audio-0.0.0-py3.8.egg-info' (and everything under it)
[2.366s] Copying ../build/audio/audio.egg-info to /home/angel/concurso-audio-practica/install/audio/lib/python3.8/site-packages/audio-0.0.0-py3.8.egg-info
[2.368s] running install_scripts
[2.398s] Installing listener script to /home/angel/concurso-audio-practica/install/audio/lib/audio
[2.399s] Installing talker script to /home/angel/concurso-audio-practica/install/audio/lib/audio
[2.400s] writing list of installed files to '/home/angel/concurso-audio-practica/build/audio/install.log'
[2.435s] Invoked command in '/home/angel/concurso-audio-practica/audio' returned '0': PYTHONPATH=/home/angel/concurso-audio-practica/install/audio/lib/python3.8/site-packages:${PYTHONPATH} /usr/bin/python3 setup.py egg_info --egg-base ../build/audio build --build-base /home/angel/concurso-audio-practica/build/audio/build install --prefix /home/angel/concurso-audio-practica/install/audio --record /home/angel/concurso-audio-practica/build/audio/install.log --single-version-externally-managed
