[1.513s] Invoking command in '/home/angel/concurso-audio-practica/audio': PYTHONPATH=/home/angel/concurso-audio-practica/install/audio/lib/python3.8/site-packages:${PYTHONPATH} /usr/bin/python3 setup.py egg_info --egg-base ../build/audio build --build-base /home/angel/concurso-audio-practica/build/audio/build install --prefix /home/angel/concurso-audio-practica/install/audio --record /home/angel/concurso-audio-practica/build/audio/install.log --single-version-externally-managed
[1.972s] running egg_info
[1.974s] writing ../build/audio/audio.egg-info/PKG-INFO
[1.975s] writing dependency_links to ../build/audio/audio.egg-info/dependency_links.txt
[1.975s] writing entry points to ../build/audio/audio.egg-info/entry_points.txt
[1.976s] writing requirements to ../build/audio/audio.egg-info/requires.txt
[1.977s] writing top-level names to ../build/audio/audio.egg-info/top_level.txt
[2.054s] reading manifest file '../build/audio/audio.egg-info/SOURCES.txt'
[2.056s] writing manifest file '../build/audio/audio.egg-info/SOURCES.txt'
[2.056s] running build
[2.057s] running build_py
[2.057s] copying audio/audioSubscriber.py -> /home/angel/concurso-audio-practica/build/audio/build/lib/audio
[2.058s] running install
[2.060s] running install_lib
[2.062s] copying /home/angel/concurso-audio-practica/build/audio/build/lib/audio/audioSubscriber.py -> /home/angel/concurso-audio-practica/install/audio/lib/python3.8/site-packages/audio
[2.063s] byte-compiling /home/angel/concurso-audio-practica/install/audio/lib/python3.8/site-packages/audio/audioSubscriber.py to audioSubscriber.cpython-38.pyc
[2.069s] running install_data
[2.070s] running install_egg_info
[2.073s] removing '/home/angel/concurso-audio-practica/install/audio/lib/python3.8/site-packages/audio-0.0.0-py3.8.egg-info' (and everything under it)
[2.074s] Copying ../build/audio/audio.egg-info to /home/angel/concurso-audio-practica/install/audio/lib/python3.8/site-packages/audio-0.0.0-py3.8.egg-info
[2.077s] running install_scripts
[2.106s] Installing listener script to /home/angel/concurso-audio-practica/install/audio/lib/audio
[2.107s] Installing talker script to /home/angel/concurso-audio-practica/install/audio/lib/audio
[2.109s] writing list of installed files to '/home/angel/concurso-audio-practica/build/audio/install.log'
[2.141s] Invoked command in '/home/angel/concurso-audio-practica/audio' returned '0': PYTHONPATH=/home/angel/concurso-audio-practica/install/audio/lib/python3.8/site-packages:${PYTHONPATH} /usr/bin/python3 setup.py egg_info --egg-base ../build/audio build --build-base /home/angel/concurso-audio-practica/build/audio/build install --prefix /home/angel/concurso-audio-practica/install/audio --record /home/angel/concurso-audio-practica/build/audio/install.log --single-version-externally-managed
