[2.801s] Invoking command in '/home/angel/concurso-audio-practica/audio': PYTHONPATH=/home/angel/concurso-audio-practica/install/audio/lib/python3.8/site-packages:${PYTHONPATH} /usr/bin/python3 setup.py egg_info --egg-base ../build/audio build --build-base /home/angel/concurso-audio-practica/build/audio/build install --prefix /home/angel/concurso-audio-practica/install/audio --record /home/angel/concurso-audio-practica/build/audio/install.log --single-version-externally-managed
[3.785s] running egg_info
[3.790s] writing ../build/audio/audio.egg-info/PKG-INFO
[3.795s] writing dependency_links to ../build/audio/audio.egg-info/dependency_links.txt
[3.797s] writing entry points to ../build/audio/audio.egg-info/entry_points.txt
[3.800s] writing requirements to ../build/audio/audio.egg-info/requires.txt
[3.800s] writing top-level names to ../build/audio/audio.egg-info/top_level.txt
[3.977s] reading manifest file '../build/audio/audio.egg-info/SOURCES.txt'
[3.980s] writing manifest file '../build/audio/audio.egg-info/SOURCES.txt'
[3.981s] running build
[3.981s] running build_py
[3.982s] copying audio/audioPublisher.py -> /home/angel/concurso-audio-practica/build/audio/build/lib/audio
[3.983s] copying audio/audioSubscriber.py -> /home/angel/concurso-audio-practica/build/audio/build/lib/audio
[3.984s] running install
[3.988s] running install_lib
[3.995s] copying /home/angel/concurso-audio-practica/build/audio/build/lib/audio/audioPublisher.py -> /home/angel/concurso-audio-practica/install/audio/lib/python3.8/site-packages/audio
[3.996s] copying /home/angel/concurso-audio-practica/build/audio/build/lib/audio/audioSubscriber.py -> /home/angel/concurso-audio-practica/install/audio/lib/python3.8/site-packages/audio
[3.999s] byte-compiling /home/angel/concurso-audio-practica/install/audio/lib/python3.8/site-packages/audio/audioPublisher.py to audioPublisher.cpython-38.pyc
[4.002s] byte-compiling /home/angel/concurso-audio-practica/install/audio/lib/python3.8/site-packages/audio/audioSubscriber.py to audioSubscriber.cpython-38.pyc
[4.005s] running install_data
[4.012s] running install_egg_info
[4.016s] removing '/home/angel/concurso-audio-practica/install/audio/lib/python3.8/site-packages/audio-0.0.0-py3.8.egg-info' (and everything under it)
[4.017s] Copying ../build/audio/audio.egg-info to /home/angel/concurso-audio-practica/install/audio/lib/python3.8/site-packages/audio-0.0.0-py3.8.egg-info
[4.020s] running install_scripts
[4.094s] Installing listener script to /home/angel/concurso-audio-practica/install/audio/lib/audio
[4.101s] Installing talker script to /home/angel/concurso-audio-practica/install/audio/lib/audio
[4.101s] writing list of installed files to '/home/angel/concurso-audio-practica/build/audio/install.log'
[4.190s] Invoked command in '/home/angel/concurso-audio-practica/audio' returned '0': PYTHONPATH=/home/angel/concurso-audio-practica/install/audio/lib/python3.8/site-packages:${PYTHONPATH} /usr/bin/python3 setup.py egg_info --egg-base ../build/audio build --build-base /home/angel/concurso-audio-practica/build/audio/build install --prefix /home/angel/concurso-audio-practica/install/audio --record /home/angel/concurso-audio-practica/build/audio/install.log --single-version-externally-managed
