[1.528s] Invoking command in '/home/angel/concurso-audio-practica/audio': PYTHONPATH=/home/angel/concurso-audio-practica/install/audio/lib/python3.8/site-packages:${PYTHONPATH} /usr/bin/python3 setup.py egg_info --egg-base ../build/audio build --build-base /home/angel/concurso-audio-practica/build/audio/build install --prefix /home/angel/concurso-audio-practica/install/audio --record /home/angel/concurso-audio-practica/build/audio/install.log --single-version-externally-managed
[2.001s] running egg_info
[2.002s] writing ../build/audio/audio.egg-info/PKG-INFO
[2.003s] writing dependency_links to ../build/audio/audio.egg-info/dependency_links.txt
[2.004s] writing entry points to ../build/audio/audio.egg-info/entry_points.txt
[2.004s] writing requirements to ../build/audio/audio.egg-info/requires.txt
[2.005s] writing top-level names to ../build/audio/audio.egg-info/top_level.txt
[2.088s] reading manifest file '../build/audio/audio.egg-info/SOURCES.txt'
[2.090s] writing manifest file '../build/audio/audio.egg-info/SOURCES.txt'
[2.091s] running build
[2.091s] running build_py
[2.092s] copying audio/audioSubscriber.py -> /home/angel/concurso-audio-practica/build/audio/build/lib/audio
[2.093s] running install
[2.094s] running install_lib
[2.096s] copying /home/angel/concurso-audio-practica/build/audio/build/lib/audio/audioSubscriber.py -> /home/angel/concurso-audio-practica/install/audio/lib/python3.8/site-packages/audio
[2.098s] byte-compiling /home/angel/concurso-audio-practica/install/audio/lib/python3.8/site-packages/audio/audioSubscriber.py to audioSubscriber.cpython-38.pyc
[2.102s] running install_data
[2.103s] running install_egg_info
[2.106s] removing '/home/angel/concurso-audio-practica/install/audio/lib/python3.8/site-packages/audio-0.0.0-py3.8.egg-info' (and everything under it)
[2.107s] Copying ../build/audio/audio.egg-info to /home/angel/concurso-audio-practica/install/audio/lib/python3.8/site-packages/audio-0.0.0-py3.8.egg-info
[2.110s] running install_scripts
[2.146s] Installing listener script to /home/angel/concurso-audio-practica/install/audio/lib/audio
[2.147s] Installing talker script to /home/angel/concurso-audio-practica/install/audio/lib/audio
[2.148s] writing list of installed files to '/home/angel/concurso-audio-practica/build/audio/install.log'
[2.184s] Invoked command in '/home/angel/concurso-audio-practica/audio' returned '0': PYTHONPATH=/home/angel/concurso-audio-practica/install/audio/lib/python3.8/site-packages:${PYTHONPATH} /usr/bin/python3 setup.py egg_info --egg-base ../build/audio build --build-base /home/angel/concurso-audio-practica/build/audio/build install --prefix /home/angel/concurso-audio-practica/install/audio --record /home/angel/concurso-audio-practica/build/audio/install.log --single-version-externally-managed
