[2.691s] Invoking command in '/home/angel/concurso-audio-practica/audio': PYTHONPATH=/home/angel/concurso-audio-practica/install/audio/lib/python3.8/site-packages:${PYTHONPATH} /usr/bin/python3 setup.py egg_info --egg-base ../build/audio build --build-base /home/angel/concurso-audio-practica/build/audio/build install --prefix /home/angel/concurso-audio-practica/install/audio --record /home/angel/concurso-audio-practica/build/audio/install.log --single-version-externally-managed
[3.740s] running egg_info
[3.746s] writing ../build/audio/audio.egg-info/PKG-INFO
[3.747s] writing dependency_links to ../build/audio/audio.egg-info/dependency_links.txt
[3.748s] writing entry points to ../build/audio/audio.egg-info/entry_points.txt
[3.748s] writing requirements to ../build/audio/audio.egg-info/requires.txt
[3.749s] writing top-level names to ../build/audio/audio.egg-info/top_level.txt
[3.917s] reading manifest file '../build/audio/audio.egg-info/SOURCES.txt'
[3.922s] writing manifest file '../build/audio/audio.egg-info/SOURCES.txt'
[3.923s] running build
[3.925s] running build_py
[3.927s] copying audio/audioSubscriber.py -> /home/angel/concurso-audio-practica/build/audio/build/lib/audio
[3.929s] running install
[3.931s] running install_lib
[3.936s] copying /home/angel/concurso-audio-practica/build/audio/build/lib/audio/audioSubscriber.py -> /home/angel/concurso-audio-practica/install/audio/lib/python3.8/site-packages/audio
[3.938s] byte-compiling /home/angel/concurso-audio-practica/install/audio/lib/python3.8/site-packages/audio/audioSubscriber.py to audioSubscriber.cpython-38.pyc
[3.950s] running install_data
[3.952s] running install_egg_info
[3.957s] removing '/home/angel/concurso-audio-practica/install/audio/lib/python3.8/site-packages/audio-0.0.0-py3.8.egg-info' (and everything under it)
[3.961s] Copying ../build/audio/audio.egg-info to /home/angel/concurso-audio-practica/install/audio/lib/python3.8/site-packages/audio-0.0.0-py3.8.egg-info
[3.965s] running install_scripts
[4.038s] Installing listener script to /home/angel/concurso-audio-practica/install/audio/lib/audio
[4.039s] Installing talker script to /home/angel/concurso-audio-practica/install/audio/lib/audio
[4.042s] writing list of installed files to '/home/angel/concurso-audio-practica/build/audio/install.log'
[4.123s] Invoked command in '/home/angel/concurso-audio-practica/audio' returned '0': PYTHONPATH=/home/angel/concurso-audio-practica/install/audio/lib/python3.8/site-packages:${PYTHONPATH} /usr/bin/python3 setup.py egg_info --egg-base ../build/audio build --build-base /home/angel/concurso-audio-practica/build/audio/build install --prefix /home/angel/concurso-audio-practica/install/audio --record /home/angel/concurso-audio-practica/build/audio/install.log --single-version-externally-managed
