[1.727s] Invoking command in '/home/angel/concurso-audio-practica/audio': PYTHONPATH=/home/angel/concurso-audio-practica/install/audio/lib/python3.8/site-packages:${PYTHONPATH} /usr/bin/python3 setup.py egg_info --egg-base ../build/audio build --build-base /home/angel/concurso-audio-practica/build/audio/build install --prefix /home/angel/concurso-audio-practica/install/audio --record /home/angel/concurso-audio-practica/build/audio/install.log --single-version-externally-managed
[2.193s] running egg_info
[2.195s] writing ../build/audio/audio.egg-info/PKG-INFO
[2.196s] writing dependency_links to ../build/audio/audio.egg-info/dependency_links.txt
[2.197s] writing entry points to ../build/audio/audio.egg-info/entry_points.txt
[2.198s] writing requirements to ../build/audio/audio.egg-info/requires.txt
[2.199s] writing top-level names to ../build/audio/audio.egg-info/top_level.txt
[2.291s] reading manifest file '../build/audio/audio.egg-info/SOURCES.txt'
[2.295s] writing manifest file '../build/audio/audio.egg-info/SOURCES.txt'
[2.296s] running build
[2.297s] running build_py
[2.298s] copying audio/audioPublisher.py -> /home/angel/concurso-audio-practica/build/audio/build/lib/audio
[2.298s] copying audio/audioSubscriber.py -> /home/angel/concurso-audio-practica/build/audio/build/lib/audio
[2.299s] running install
[2.301s] running install_lib
[2.302s] copying /home/angel/concurso-audio-practica/build/audio/build/lib/audio/audioPublisher.py -> /home/angel/concurso-audio-practica/install/audio/lib/python3.8/site-packages/audio
[2.303s] copying /home/angel/concurso-audio-practica/build/audio/build/lib/audio/audioSubscriber.py -> /home/angel/concurso-audio-practica/install/audio/lib/python3.8/site-packages/audio
[2.305s] byte-compiling /home/angel/concurso-audio-practica/install/audio/lib/python3.8/site-packages/audio/audioPublisher.py to audioPublisher.cpython-38.pyc
[2.309s] byte-compiling /home/angel/concurso-audio-practica/install/audio/lib/python3.8/site-packages/audio/audioSubscriber.py to audioSubscriber.cpython-38.pyc
[2.310s] running install_data
[2.312s] running install_egg_info
[2.315s] removing '/home/angel/concurso-audio-practica/install/audio/lib/python3.8/site-packages/audio-0.0.0-py3.8.egg-info' (and everything under it)
[2.316s] Copying ../build/audio/audio.egg-info to /home/angel/concurso-audio-practica/install/audio/lib/python3.8/site-packages/audio-0.0.0-py3.8.egg-info
[2.319s] running install_scripts
[2.382s] Installing listener script to /home/angel/concurso-audio-practica/install/audio/lib/audio
[2.384s] Installing talker script to /home/angel/concurso-audio-practica/install/audio/lib/audio
[2.389s] writing list of installed files to '/home/angel/concurso-audio-practica/build/audio/install.log'
[2.457s] Invoked command in '/home/angel/concurso-audio-practica/audio' returned '0': PYTHONPATH=/home/angel/concurso-audio-practica/install/audio/lib/python3.8/site-packages:${PYTHONPATH} /usr/bin/python3 setup.py egg_info --egg-base ../build/audio build --build-base /home/angel/concurso-audio-practica/build/audio/build install --prefix /home/angel/concurso-audio-practica/install/audio --record /home/angel/concurso-audio-practica/build/audio/install.log --single-version-externally-managed
