[3.197s] Invoking command in '/home/angel/concurso-audio-practica/audio': PYTHONPATH=/home/angel/concurso-audio-practica/install/audio/lib/python3.8/site-packages:${PYTHONPATH} /usr/bin/python3 setup.py egg_info --egg-base ../build/audio build --build-base /home/angel/concurso-audio-practica/build/audio/build install --prefix /home/angel/concurso-audio-practica/install/audio --record /home/angel/concurso-audio-practica/build/audio/install.log --single-version-externally-managed
[3.678s] running egg_info
[3.679s] writing ../build/audio/audio.egg-info/PKG-INFO
[3.697s] writing dependency_links to ../build/audio/audio.egg-info/dependency_links.txt
[3.698s] writing entry points to ../build/audio/audio.egg-info/entry_points.txt
[3.698s] writing requirements to ../build/audio/audio.egg-info/requires.txt
[3.699s] writing top-level names to ../build/audio/audio.egg-info/top_level.txt
[3.818s] reading manifest file '../build/audio/audio.egg-info/SOURCES.txt'
[3.825s] writing manifest file '../build/audio/audio.egg-info/SOURCES.txt'
[3.825s] running build
[3.825s] running build_py
[3.827s] copying audio/audioSubscriber.py -> /home/angel/concurso-audio-practica/build/audio/build/lib/audio
[3.831s] running install
[3.835s] running install_lib
[3.838s] copying /home/angel/concurso-audio-practica/build/audio/build/lib/audio/audioSubscriber.py -> /home/angel/concurso-audio-practica/install/audio/lib/python3.8/site-packages/audio
[3.840s] byte-compiling /home/angel/concurso-audio-practica/install/audio/lib/python3.8/site-packages/audio/audioSubscriber.py to audioSubscriber.cpython-38.pyc
[3.846s] running install_data
[3.848s] running install_egg_info
[3.851s] removing '/home/angel/concurso-audio-practica/install/audio/lib/python3.8/site-packages/audio-0.0.0-py3.8.egg-info' (and everything under it)
[3.852s] Copying ../build/audio/audio.egg-info to /home/angel/concurso-audio-practica/install/audio/lib/python3.8/site-packages/audio-0.0.0-py3.8.egg-info
[3.866s] running install_scripts
[3.896s] Installing listener script to /home/angel/concurso-audio-practica/install/audio/lib/audio
[3.897s] Installing talker script to /home/angel/concurso-audio-practica/install/audio/lib/audio
[3.898s] writing list of installed files to '/home/angel/concurso-audio-practica/build/audio/install.log'
[3.937s] Invoked command in '/home/angel/concurso-audio-practica/audio' returned '0': PYTHONPATH=/home/angel/concurso-audio-practica/install/audio/lib/python3.8/site-packages:${PYTHONPATH} /usr/bin/python3 setup.py egg_info --egg-base ../build/audio build --build-base /home/angel/concurso-audio-practica/build/audio/build install --prefix /home/angel/concurso-audio-practica/install/audio --record /home/angel/concurso-audio-practica/build/audio/install.log --single-version-externally-managed
