[1.601s] Invoking command in '/home/angel/concurso-audio-practica/audio': PYTHONPATH=/home/angel/concurso-audio-practica/install/audio/lib/python3.8/site-packages:${PYTHONPATH} /usr/bin/python3 setup.py egg_info --egg-base ../build/audio build --build-base /home/angel/concurso-audio-practica/build/audio/build install --prefix /home/angel/concurso-audio-practica/install/audio --record /home/angel/concurso-audio-practica/build/audio/install.log --single-version-externally-managed
[2.071s] running egg_info
[2.072s] writing ../build/audio/audio.egg-info/PKG-INFO
[2.073s] writing dependency_links to ../build/audio/audio.egg-info/dependency_links.txt
[2.074s] writing entry points to ../build/audio/audio.egg-info/entry_points.txt
[2.074s] writing requirements to ../build/audio/audio.egg-info/requires.txt
[2.075s] writing top-level names to ../build/audio/audio.egg-info/top_level.txt
[2.158s] reading manifest file '../build/audio/audio.egg-info/SOURCES.txt'
[2.160s] writing manifest file '../build/audio/audio.egg-info/SOURCES.txt'
[2.161s] running build
[2.161s] running build_py
[2.162s] copying audio/audioSubscriber.py -> /home/angel/concurso-audio-practica/build/audio/build/lib/audio
[2.163s] running install
[2.165s] running install_lib
[2.167s] copying /home/angel/concurso-audio-practica/build/audio/build/lib/audio/audioSubscriber.py -> /home/angel/concurso-audio-practica/install/audio/lib/python3.8/site-packages/audio
[2.168s] byte-compiling /home/angel/concurso-audio-practica/install/audio/lib/python3.8/site-packages/audio/audioSubscriber.py to audioSubscriber.cpython-38.pyc
[2.173s] running install_data
[2.175s] running install_egg_info
[2.178s] removing '/home/angel/concurso-audio-practica/install/audio/lib/python3.8/site-packages/audio-0.0.0-py3.8.egg-info' (and everything under it)
[2.179s] Copying ../build/audio/audio.egg-info to /home/angel/concurso-audio-practica/install/audio/lib/python3.8/site-packages/audio-0.0.0-py3.8.egg-info
[2.182s] running install_scripts
[2.215s] Installing listener script to /home/angel/concurso-audio-practica/install/audio/lib/audio
[2.216s] Installing talker script to /home/angel/concurso-audio-practica/install/audio/lib/audio
[2.217s] writing list of installed files to '/home/angel/concurso-audio-practica/build/audio/install.log'
[2.264s] Invoked command in '/home/angel/concurso-audio-practica/audio' returned '0': PYTHONPATH=/home/angel/concurso-audio-practica/install/audio/lib/python3.8/site-packages:${PYTHONPATH} /usr/bin/python3 setup.py egg_info --egg-base ../build/audio build --build-base /home/angel/concurso-audio-practica/build/audio/build install --prefix /home/angel/concurso-audio-practica/install/audio --record /home/angel/concurso-audio-practica/build/audio/install.log --single-version-externally-managed
