[3.153s] Invoking command in '/home/angel/concurso-audio-practica/audio': PYTHONPATH=/home/angel/concurso-audio-practica/install/audio/lib/python3.8/site-packages:${PYTHONPATH} /usr/bin/python3 setup.py egg_info --egg-base ../build/audio build --build-base /home/angel/concurso-audio-practica/build/audio/build install --prefix /home/angel/concurso-audio-practica/install/audio --record /home/angel/concurso-audio-practica/build/audio/install.log --single-version-externally-managed
[4.120s] running egg_info
[4.125s] writing ../build/audio/audio.egg-info/PKG-INFO
[4.126s] writing dependency_links to ../build/audio/audio.egg-info/dependency_links.txt
[4.128s] writing entry points to ../build/audio/audio.egg-info/entry_points.txt
[4.130s] writing requirements to ../build/audio/audio.egg-info/requires.txt
[4.131s] writing top-level names to ../build/audio/audio.egg-info/top_level.txt
[4.304s] reading manifest file '../build/audio/audio.egg-info/SOURCES.txt'
[4.308s] writing manifest file '../build/audio/audio.egg-info/SOURCES.txt'
[4.312s] running build
[4.312s] running build_py
[4.314s] copying audio/audioPublisher.py -> /home/angel/concurso-audio-practica/build/audio/build/lib/audio
[4.315s] running install
[4.320s] running install_lib
[4.323s] copying /home/angel/concurso-audio-practica/build/audio/build/lib/audio/audioPublisher.py -> /home/angel/concurso-audio-practica/install/audio/lib/python3.8/site-packages/audio
[4.328s] byte-compiling /home/angel/concurso-audio-practica/install/audio/lib/python3.8/site-packages/audio/audioPublisher.py to audioPublisher.cpython-38.pyc
[4.335s] running install_data
[4.341s] running install_egg_info
[4.352s] removing '/home/angel/concurso-audio-practica/install/audio/lib/python3.8/site-packages/audio-0.0.0-py3.8.egg-info' (and everything under it)
[4.354s] Copying ../build/audio/audio.egg-info to /home/angel/concurso-audio-practica/install/audio/lib/python3.8/site-packages/audio-0.0.0-py3.8.egg-info
[4.359s] running install_scripts
[4.435s] Installing listener script to /home/angel/concurso-audio-practica/install/audio/lib/audio
[4.436s] Installing talker script to /home/angel/concurso-audio-practica/install/audio/lib/audio
[4.438s] writing list of installed files to '/home/angel/concurso-audio-practica/build/audio/install.log'
[4.529s] Invoked command in '/home/angel/concurso-audio-practica/audio' returned '0': PYTHONPATH=/home/angel/concurso-audio-practica/install/audio/lib/python3.8/site-packages:${PYTHONPATH} /usr/bin/python3 setup.py egg_info --egg-base ../build/audio build --build-base /home/angel/concurso-audio-practica/build/audio/build install --prefix /home/angel/concurso-audio-practica/install/audio --record /home/angel/concurso-audio-practica/build/audio/install.log --single-version-externally-managed
