[2.985s] DEBUG:colcon:Command line arguments: ['/usr/bin/colcon', 'build']
[2.985s] DEBUG:colcon:Parsed command line arguments: Namespace(allow_overriding=[], ament_cmake_args=None, base_paths=['.'], build_base='build', catkin_cmake_args=None, catkin_skip_building_tests=False, cmake_args=None, cmake_clean_cache=False, cmake_clean_first=False, cmake_force_configure=False, cmake_target=None, cmake_target_skip_unavailable=False, continue_on_error=False, event_handlers=None, executor='parallel', ignore_user_meta=False, install_base='install', log_base=None, log_level=None, main=<bound method BuildVerb.main of <colcon_core.verb.build.BuildVerb object at 0x7f768b579190>>, merge_install=False, metas=['./colcon.meta'], packages_above=None, packages_above_and_dependencies=None, packages_above_depth=None, packages_end=None, packages_ignore=None, packages_ignore_regex=None, packages_select=None, packages_select_build_failed=False, packages_select_by_dep=None, packages_select_regex=None, packages_select_test_failures=False, packages_skip=None, packages_skip_build_finished=False, packages_skip_by_dep=None, packages_skip_regex=None, packages_skip_test_passed=False, packages_skip_up_to=None, packages_start=None, packages_up_to=None, packages_up_to_regex=None, parallel_workers=1, paths=None, symlink_install=False, test_result_base=None, verb_extension=<colcon_core.verb.build.BuildVerb object at 0x7f768b579190>, verb_name='build', verb_parser=<colcon_defaults.argument_parser.defaults.DefaultArgumentsDecorator object at 0x7f768b5796d0>)
[3.171s] Level 1:colcon.colcon_core.package_discovery:discover_packages(colcon_meta) check parameters
[3.172s] Level 1:colcon.colcon_core.package_discovery:discover_packages(recursive) check parameters
[3.172s] Level 1:colcon.colcon_core.package_discovery:discover_packages(ignore) check parameters
[3.172s] Level 1:colcon.colcon_core.package_discovery:discover_packages(path) check parameters
[3.172s] Level 1:colcon.colcon_core.package_discovery:discover_packages(colcon_meta) discover
[3.172s] Level 1:colcon.colcon_core.package_discovery:discover_packages(recursive) discover
[3.172s] INFO:colcon.colcon_core.package_discovery:Crawling recursively for packages in '/home/angel/concurso-audio-practica'
[3.172s] Level 1:colcon.colcon_core.package_identification:_identify(.) by extensions ['ignore', 'ignore_ament_install']
[3.173s] Level 1:colcon.colcon_core.package_identification:_identify(.) by extension 'ignore'
[3.173s] Level 1:colcon.colcon_core.package_identification:_identify(.) by extension 'ignore_ament_install'
[3.173s] Level 1:colcon.colcon_core.package_identification:_identify(.) by extensions ['colcon_pkg']
[3.173s] Level 1:colcon.colcon_core.package_identification:_identify(.) by extension 'colcon_pkg'
[3.173s] Level 1:colcon.colcon_core.package_identification:_identify(.) by extensions ['colcon_meta']
[3.173s] Level 1:colcon.colcon_core.package_identification:_identify(.) by extension 'colcon_meta'
[3.173s] Level 1:colcon.colcon_core.package_identification:_identify(.) by extensions ['ros']
[3.173s] Level 1:colcon.colcon_core.package_identification:_identify(.) by extension 'ros'
[3.247s] Level 1:colcon.colcon_core.package_identification:_identify(.) by extensions ['cmake', 'python']
[3.247s] Level 1:colcon.colcon_core.package_identification:_identify(.) by extension 'cmake'
[3.247s] Level 1:colcon.colcon_core.package_identification:_identify(.) by extension 'python'
[3.248s] Level 1:colcon.colcon_core.package_identification:_identify(.) by extensions ['python_setup_py']
[3.248s] Level 1:colcon.colcon_core.package_identification:_identify(.) by extension 'python_setup_py'
[3.248s] Level 1:colcon.colcon_core.package_identification:_identify(audio) by extensions ['ignore', 'ignore_ament_install']
[3.248s] Level 1:colcon.colcon_core.package_identification:_identify(audio) by extension 'ignore'
[3.248s] Level 1:colcon.colcon_core.package_identification:_identify(audio) by extension 'ignore_ament_install'
[3.248s] Level 1:colcon.colcon_core.package_identification:_identify(audio) by extensions ['colcon_pkg']
[3.248s] Level 1:colcon.colcon_core.package_identification:_identify(audio) by extension 'colcon_pkg'
[3.249s] Level 1:colcon.colcon_core.package_identification:_identify(audio) by extensions ['colcon_meta']
[3.249s] Level 1:colcon.colcon_core.package_identification:_identify(audio) by extension 'colcon_meta'
[3.249s] Level 1:colcon.colcon_core.package_identification:_identify(audio) by extensions ['ros']
[3.249s] Level 1:colcon.colcon_core.package_identification:_identify(audio) by extension 'ros'
[3.316s] DEBUG:colcon.colcon_core.package_identification:Package 'audio' with type 'ros.ament_python' and name 'audio'
[3.316s] Level 1:colcon.colcon_core.package_identification:_identify(build) by extensions ['ignore', 'ignore_ament_install']
[3.317s] Level 1:colcon.colcon_core.package_identification:_identify(build) by extension 'ignore'
[3.317s] Level 1:colcon.colcon_core.package_identification:_identify(build) ignored
[3.317s] Level 1:colcon.colcon_core.package_identification:_identify(install) by extensions ['ignore', 'ignore_ament_install']
[3.317s] Level 1:colcon.colcon_core.package_identification:_identify(install) by extension 'ignore'
[3.317s] Level 1:colcon.colcon_core.package_identification:_identify(install) ignored
[3.317s] Level 1:colcon.colcon_core.package_identification:_identify(lexicon) by extensions ['ignore', 'ignore_ament_install']
[3.317s] Level 1:colcon.colcon_core.package_identification:_identify(lexicon) by extension 'ignore'
[3.318s] Level 1:colcon.colcon_core.package_identification:_identify(lexicon) by extension 'ignore_ament_install'
[3.318s] Level 1:colcon.colcon_core.package_identification:_identify(lexicon) by extensions ['colcon_pkg']
[3.318s] Level 1:colcon.colcon_core.package_identification:_identify(lexicon) by extension 'colcon_pkg'
[3.318s] Level 1:colcon.colcon_core.package_identification:_identify(lexicon) by extensions ['colcon_meta']
[3.318s] Level 1:colcon.colcon_core.package_identification:_identify(lexicon) by extension 'colcon_meta'
[3.318s] Level 1:colcon.colcon_core.package_identification:_identify(lexicon) by extensions ['ros']
[3.318s] Level 1:colcon.colcon_core.package_identification:_identify(lexicon) by extension 'ros'
[3.318s] Level 1:colcon.colcon_core.package_identification:_identify(lexicon) by extensions ['cmake', 'python']
[3.318s] Level 1:colcon.colcon_core.package_identification:_identify(lexicon) by extension 'cmake'
[3.318s] Level 1:colcon.colcon_core.package_identification:_identify(lexicon) by extension 'python'
[3.319s] Level 1:colcon.colcon_core.package_identification:_identify(lexicon) by extensions ['python_setup_py']
[3.319s] Level 1:colcon.colcon_core.package_identification:_identify(lexicon) by extension 'python_setup_py'
[3.319s] Level 1:colcon.colcon_core.package_identification:_identify(log) by extensions ['ignore', 'ignore_ament_install']
[3.319s] Level 1:colcon.colcon_core.package_identification:_identify(log) by extension 'ignore'
[3.319s] Level 1:colcon.colcon_core.package_identification:_identify(log) ignored
[3.319s] Level 1:colcon.colcon_core.package_identification:_identify(output) by extensions ['ignore', 'ignore_ament_install']
[3.320s] Level 1:colcon.colcon_core.package_identification:_identify(output) by extension 'ignore'
[3.320s] Level 1:colcon.colcon_core.package_identification:_identify(output) by extension 'ignore_ament_install'
[3.320s] Level 1:colcon.colcon_core.package_identification:_identify(output) by extensions ['colcon_pkg']
[3.320s] Level 1:colcon.colcon_core.package_identification:_identify(output) by extension 'colcon_pkg'
[3.320s] Level 1:colcon.colcon_core.package_identification:_identify(output) by extensions ['colcon_meta']
[3.320s] Level 1:colcon.colcon_core.package_identification:_identify(output) by extension 'colcon_meta'
[3.320s] Level 1:colcon.colcon_core.package_identification:_identify(output) by extensions ['ros']
[3.320s] Level 1:colcon.colcon_core.package_identification:_identify(output) by extension 'ros'
[3.321s] Level 1:colcon.colcon_core.package_identification:_identify(output) by extensions ['cmake', 'python']
[3.321s] Level 1:colcon.colcon_core.package_identification:_identify(output) by extension 'cmake'
[3.321s] Level 1:colcon.colcon_core.package_identification:_identify(output) by extension 'python'
[3.321s] Level 1:colcon.colcon_core.package_identification:_identify(output) by extensions ['python_setup_py']
[3.321s] Level 1:colcon.colcon_core.package_identification:_identify(output) by extension 'python_setup_py'
[3.321s] Level 1:colcon.colcon_core.package_discovery:discover_packages(recursive) using defaults
[3.321s] Level 1:colcon.colcon_core.package_discovery:discover_packages(ignore) discover
[3.321s] Level 1:colcon.colcon_core.package_discovery:discover_packages(ignore) using defaults
[3.321s] Level 1:colcon.colcon_core.package_discovery:discover_packages(path) discover
[3.321s] Level 1:colcon.colcon_core.package_discovery:discover_packages(path) using defaults
[3.493s] Level 5:colcon.colcon_core.verb:set package 'audio' build argument 'cmake_args' from command line to 'None'
[3.493s] Level 5:colcon.colcon_core.verb:set package 'audio' build argument 'cmake_target' from command line to 'None'
[3.493s] Level 5:colcon.colcon_core.verb:set package 'audio' build argument 'cmake_target_skip_unavailable' from command line to 'False'
[3.493s] Level 5:colcon.colcon_core.verb:set package 'audio' build argument 'cmake_clean_cache' from command line to 'False'
[3.493s] Level 5:colcon.colcon_core.verb:set package 'audio' build argument 'cmake_clean_first' from command line to 'False'
[3.493s] Level 5:colcon.colcon_core.verb:set package 'audio' build argument 'cmake_force_configure' from command line to 'False'
[3.493s] Level 5:colcon.colcon_core.verb:set package 'audio' build argument 'ament_cmake_args' from command line to 'None'
[3.493s] Level 5:colcon.colcon_core.verb:set package 'audio' build argument 'catkin_cmake_args' from command line to 'None'
[3.493s] Level 5:colcon.colcon_core.verb:set package 'audio' build argument 'catkin_skip_building_tests' from command line to 'False'
[3.493s] DEBUG:colcon.colcon_core.verb:Building package 'audio' with the following arguments: {'ament_cmake_args': None, 'build_base': '/home/angel/concurso-audio-practica/build/audio', 'catkin_cmake_args': None, 'catkin_skip_building_tests': False, 'cmake_args': None, 'cmake_clean_cache': False, 'cmake_clean_first': False, 'cmake_force_configure': False, 'cmake_target': None, 'cmake_target_skip_unavailable': False, 'install_base': '/home/angel/concurso-audio-practica/install/audio', 'merge_install': False, 'path': '/home/angel/concurso-audio-practica/audio', 'symlink_install': False, 'test_result_base': None}
[3.683s] INFO:colcon.colcon_core.executor:Executing jobs using 'parallel' executor
[3.694s] DEBUG:colcon.colcon_parallel_executor.executor.parallel:run_until_complete
[3.695s] INFO:colcon.colcon_ros.task.ament_python.build:Building ROS package in '/home/angel/concurso-audio-practica/audio' with build type 'ament_python'
[3.695s] Level 1:colcon.colcon_core.shell:create_environment_hook('audio', 'ament_prefix_path')
[3.821s] INFO:colcon.colcon_core.plugin_system:Skipping extension 'colcon_core.shell.bat': Not used on non-Windows systems
[3.821s] INFO:colcon.colcon_core.shell:Creating environment hook '/home/angel/concurso-audio-practica/install/audio/share/audio/hook/ament_prefix_path.ps1'
[3.864s] INFO:colcon.colcon_core.shell:Creating environment descriptor '/home/angel/concurso-audio-practica/install/audio/share/audio/hook/ament_prefix_path.dsv'
[3.891s] INFO:colcon.colcon_core.shell:Creating environment hook '/home/angel/concurso-audio-practica/install/audio/share/audio/hook/ament_prefix_path.sh'
[3.893s] INFO:colcon.colcon_core.shell:Skip shell extension 'powershell' for command environment: Not usable outside of PowerShell
[3.894s] DEBUG:colcon.colcon_core.shell:Skip shell extension 'dsv' for command environment
[4.389s] INFO:colcon.colcon_core.task.python.build:Building Python package in '/home/angel/concurso-audio-practica/audio'
[4.391s] INFO:colcon.colcon_core.shell:Skip shell extension 'powershell' for command environment: Not usable outside of PowerShell
[4.391s] DEBUG:colcon.colcon_core.shell:Skip shell extension 'dsv' for command environment
[6.555s] DEBUG:colcon.colcon_core.event_handler.log_command:Invoking command in '/home/angel/concurso-audio-practica/audio': PYTHONPATH=/home/angel/concurso-audio-practica/install/audio/lib/python3.8/site-packages:${PYTHONPATH} /usr/bin/python3 setup.py egg_info --egg-base ../build/audio build --build-base /home/angel/concurso-audio-practica/build/audio/build install --prefix /home/angel/concurso-audio-practica/install/audio --record /home/angel/concurso-audio-practica/build/audio/install.log --single-version-externally-managed
[7.257s] DEBUG:colcon.colcon_core.event_handler.log_command:Invoked command in '/home/angel/concurso-audio-practica/audio' returned '0': PYTHONPATH=/home/angel/concurso-audio-practica/install/audio/lib/python3.8/site-packages:${PYTHONPATH} /usr/bin/python3 setup.py egg_info --egg-base ../build/audio build --build-base /home/angel/concurso-audio-practica/build/audio/build install --prefix /home/angel/concurso-audio-practica/install/audio --record /home/angel/concurso-audio-practica/build/audio/install.log --single-version-externally-managed
[7.383s] Level 1:colcon.colcon_core.environment:checking '/home/angel/concurso-audio-practica/install/audio' for CMake module files
[7.384s] Level 1:colcon.colcon_core.environment:checking '/home/angel/concurso-audio-practica/install/audio' for CMake config files
[7.385s] Level 1:colcon.colcon_core.environment:checking '/home/angel/concurso-audio-practica/install/audio/lib'
[7.386s] Level 1:colcon.colcon_core.environment:checking '/home/angel/concurso-audio-practica/install/audio/bin'
[7.386s] Level 1:colcon.colcon_core.environment:checking '/home/angel/concurso-audio-practica/install/audio/lib/pkgconfig/audio.pc'
[7.386s] Level 1:colcon.colcon_core.environment:checking '/home/angel/concurso-audio-practica/install/audio/lib/python3.8/site-packages'
[7.386s] Level 1:colcon.colcon_core.shell:create_environment_hook('audio', 'pythonpath')
[7.387s] INFO:colcon.colcon_core.shell:Creating environment hook '/home/angel/concurso-audio-practica/install/audio/share/audio/hook/pythonpath.ps1'
[7.388s] INFO:colcon.colcon_core.shell:Creating environment descriptor '/home/angel/concurso-audio-practica/install/audio/share/audio/hook/pythonpath.dsv'
[7.388s] INFO:colcon.colcon_core.shell:Creating environment hook '/home/angel/concurso-audio-practica/install/audio/share/audio/hook/pythonpath.sh'
[7.389s] Level 1:colcon.colcon_core.environment:create_environment_scripts_only(audio)
[7.390s] INFO:colcon.colcon_core.shell:Creating package script '/home/angel/concurso-audio-practica/install/audio/share/audio/package.ps1'
[7.392s] INFO:colcon.colcon_core.shell:Creating package descriptor '/home/angel/concurso-audio-practica/install/audio/share/audio/package.dsv'
[7.416s] INFO:colcon.colcon_core.shell:Creating package script '/home/angel/concurso-audio-practica/install/audio/share/audio/package.sh'
[7.418s] INFO:colcon.colcon_core.shell:Creating package script '/home/angel/concurso-audio-practica/install/audio/share/audio/package.bash'
[7.436s] INFO:colcon.colcon_core.shell:Creating package script '/home/angel/concurso-audio-practica/install/audio/share/audio/package.zsh'
[7.438s] Level 1:colcon.colcon_core.environment:create_file_with_runtime_dependencies(/home/angel/concurso-audio-practica/install/audio/share/colcon-core/packages/audio)
[7.440s] DEBUG:colcon.colcon_parallel_executor.executor.parallel:closing loop
[7.440s] DEBUG:colcon.colcon_parallel_executor.executor.parallel:loop closed
[7.440s] DEBUG:colcon.colcon_parallel_executor.executor.parallel:run_until_complete finished with '0'
[7.440s] DEBUG:colcon.colcon_core.event_reactor:joining thread
[7.530s] INFO:colcon.colcon_core.plugin_system:Skipping extension 'colcon_notification.desktop_notification.terminal_notifier': Not used on non-Darwin systems
[7.530s] INFO:colcon.colcon_core.plugin_system:Skipping extension 'colcon_notification.desktop_notification.win32': Not used on non-Windows systems
[7.530s] INFO:colcon.colcon_notification.desktop_notification:Sending desktop notification using 'notify2'
[7.563s] DEBUG:colcon.colcon_core.event_reactor:joined thread
[7.565s] INFO:colcon.colcon_core.shell:Creating prefix script '/home/angel/concurso-audio-practica/install/local_setup.ps1'
[7.573s] INFO:colcon.colcon_core.shell:Creating prefix util module '/home/angel/concurso-audio-practica/install/_local_setup_util_ps1.py'
[7.604s] INFO:colcon.colcon_core.shell:Creating prefix chain script '/home/angel/concurso-audio-practica/install/setup.ps1'
[7.607s] INFO:colcon.colcon_core.shell:Creating prefix script '/home/angel/concurso-audio-practica/install/local_setup.sh'
[7.612s] INFO:colcon.colcon_core.shell:Creating prefix util module '/home/angel/concurso-audio-practica/install/_local_setup_util_sh.py'
[7.613s] INFO:colcon.colcon_core.shell:Creating prefix chain script '/home/angel/concurso-audio-practica/install/setup.sh'
[7.624s] INFO:colcon.colcon_core.shell:Creating prefix script '/home/angel/concurso-audio-practica/install/local_setup.bash'
[7.625s] INFO:colcon.colcon_core.shell:Creating prefix chain script '/home/angel/concurso-audio-practica/install/setup.bash'
[7.628s] INFO:colcon.colcon_core.shell:Creating prefix script '/home/angel/concurso-audio-practica/install/local_setup.zsh'
[7.633s] INFO:colcon.colcon_core.shell:Creating prefix chain script '/home/angel/concurso-audio-practica/install/setup.zsh'
