[1.790s] Invoking command in '/home/angel/concurso-audio-practica/audio': PYTHONPATH=/home/angel/concurso-audio-practica/install/audio/lib/python3.8/site-packages:${PYTHONPATH} /usr/bin/python3 setup.py egg_info --egg-base ../build/audio build --build-base /home/angel/concurso-audio-practica/build/audio/build install --prefix /home/angel/concurso-audio-practica/install/audio --record /home/angel/concurso-audio-practica/build/audio/install.log --single-version-externally-managed
[2.242s] running egg_info
[2.244s] writing ../build/audio/audio.egg-info/PKG-INFO
[2.244s] writing dependency_links to ../build/audio/audio.egg-info/dependency_links.txt
[2.245s] writing entry points to ../build/audio/audio.egg-info/entry_points.txt
[2.246s] writing requirements to ../build/audio/audio.egg-info/requires.txt
[2.246s] writing top-level names to ../build/audio/audio.egg-info/top_level.txt
[2.341s] reading manifest file '../build/audio/audio.egg-info/SOURCES.txt'
[2.343s] writing manifest file '../build/audio/audio.egg-info/SOURCES.txt'
[2.344s] running build
[2.344s] running build_py
[2.345s] copying audio/audioSubscriber.py -> /home/angel/concurso-audio-practica/build/audio/build/lib/audio
[2.345s] running install
[2.347s] running install_lib
[2.353s] copying /home/angel/concurso-audio-practica/build/audio/build/lib/audio/audioSubscriber.py -> /home/angel/concurso-audio-practica/install/audio/lib/python3.8/site-packages/audio
[2.355s] byte-compiling /home/angel/concurso-audio-practica/install/audio/lib/python3.8/site-packages/audio/audioSubscriber.py to audioSubscriber.cpython-38.pyc
[2.360s] running install_data
[2.361s] running install_egg_info
[2.364s] removing '/home/angel/concurso-audio-practica/install/audio/lib/python3.8/site-packages/audio-0.0.0-py3.8.egg-info' (and everything under it)
[2.365s] Copying ../build/audio/audio.egg-info to /home/angel/concurso-audio-practica/install/audio/lib/python3.8/site-packages/audio-0.0.0-py3.8.egg-info
[2.368s] running install_scripts
[2.399s] Installing listener script to /home/angel/concurso-audio-practica/install/audio/lib/audio
[2.400s] Installing talker script to /home/angel/concurso-audio-practica/install/audio/lib/audio
[2.401s] writing list of installed files to '/home/angel/concurso-audio-practica/build/audio/install.log'
[2.435s] Invoked command in '/home/angel/concurso-audio-practica/audio' returned '0': PYTHONPATH=/home/angel/concurso-audio-practica/install/audio/lib/python3.8/site-packages:${PYTHONPATH} /usr/bin/python3 setup.py egg_info --egg-base ../build/audio build --build-base /home/angel/concurso-audio-practica/build/audio/build install --prefix /home/angel/concurso-audio-practica/install/audio --record /home/angel/concurso-audio-practica/build/audio/install.log --single-version-externally-managed
