[1.531s] Invoking command in '/home/angel/concurso-audio-practica/audio': PYTHONPATH=/home/angel/concurso-audio-practica/install/audio/lib/python3.8/site-packages:${PYTHONPATH} /usr/bin/python3 setup.py egg_info --egg-base ../build/audio build --build-base /home/angel/concurso-audio-practica/build/audio/build install --prefix /home/angel/concurso-audio-practica/install/audio --record /home/angel/concurso-audio-practica/build/audio/install.log --single-version-externally-managed
[1.991s] running egg_info
[1.993s] writing ../build/audio/audio.egg-info/PKG-INFO
[1.994s] writing dependency_links to ../build/audio/audio.egg-info/dependency_links.txt
[1.995s] writing entry points to ../build/audio/audio.egg-info/entry_points.txt
[1.995s] writing requirements to ../build/audio/audio.egg-info/requires.txt
[1.996s] writing top-level names to ../build/audio/audio.egg-info/top_level.txt
[2.078s] reading manifest file '../build/audio/audio.egg-info/SOURCES.txt'
[2.080s] writing manifest file '../build/audio/audio.egg-info/SOURCES.txt'
[2.081s] running build
[2.081s] running build_py
[2.082s] copying audio/audioSubscriber.py -> /home/angel/concurso-audio-practica/build/audio/build/lib/audio
[2.083s] running install
[2.084s] running install_lib
[2.086s] copying /home/angel/concurso-audio-practica/build/audio/build/lib/audio/audioSubscriber.py -> /home/angel/concurso-audio-practica/install/audio/lib/python3.8/site-packages/audio
[2.088s] byte-compiling /home/angel/concurso-audio-practica/install/audio/lib/python3.8/site-packages/audio/audioSubscriber.py to audioSubscriber.cpython-38.pyc
[2.092s] running install_data
[2.093s] running install_egg_info
[2.096s] removing '/home/angel/concurso-audio-practica/install/audio/lib/python3.8/site-packages/audio-0.0.0-py3.8.egg-info' (and everything under it)
[2.097s] Copying ../build/audio/audio.egg-info to /home/angel/concurso-audio-practica/install/audio/lib/python3.8/site-packages/audio-0.0.0-py3.8.egg-info
[2.099s] running install_scripts
[2.129s] Installing listener script to /home/angel/concurso-audio-practica/install/audio/lib/audio
[2.129s] Installing talker script to /home/angel/concurso-audio-practica/install/audio/lib/audio
[2.130s] writing list of installed files to '/home/angel/concurso-audio-practica/build/audio/install.log'
[2.172s] Invoked command in '/home/angel/concurso-audio-practica/audio' returned '0': PYTHONPATH=/home/angel/concurso-audio-practica/install/audio/lib/python3.8/site-packages:${PYTHONPATH} /usr/bin/python3 setup.py egg_info --egg-base ../build/audio build --build-base /home/angel/concurso-audio-practica/build/audio/build install --prefix /home/angel/concurso-audio-practica/install/audio --record /home/angel/concurso-audio-practica/build/audio/install.log --single-version-externally-managed
