[1.366s] Invoking command in '/home/angel/concurso-audio-practica/audio': PYTHONPATH=/home/angel/concurso-audio-practica/install/audio/lib/python3.8/site-packages:${PYTHONPATH} /usr/bin/python3 setup.py egg_info --egg-base ../build/audio build --build-base /home/angel/concurso-audio-practica/build/audio/build install --prefix /home/angel/concurso-audio-practica/install/audio --record /home/angel/concurso-audio-practica/build/audio/install.log --single-version-externally-managed
[1.809s] running egg_info
[1.810s] writing ../build/audio/audio.egg-info/PKG-INFO
[1.811s] writing dependency_links to ../build/audio/audio.egg-info/dependency_links.txt
[1.812s] writing entry points to ../build/audio/audio.egg-info/entry_points.txt
[1.813s] writing requirements to ../build/audio/audio.egg-info/requires.txt
[1.813s] writing top-level names to ../build/audio/audio.egg-info/top_level.txt
[1.971s] reading manifest file '../build/audio/audio.egg-info/SOURCES.txt'
[1.975s] writing manifest file '../build/audio/audio.egg-info/SOURCES.txt'
[1.976s] running build
[1.977s] running build_py
[1.977s] copying audio/audioPublisher.py -> /home/angel/concurso-audio-practica/build/audio/build/lib/audio
[1.978s] running install
[1.980s] running install_lib
[1.988s] copying /home/angel/concurso-audio-practica/build/audio/build/lib/audio/audioPublisher.py -> /home/angel/concurso-audio-practica/install/audio/lib/python3.8/site-packages/audio
[1.989s] byte-compiling /home/angel/concurso-audio-practica/install/audio/lib/python3.8/site-packages/audio/audioPublisher.py to audioPublisher.cpython-38.pyc
[2.003s] running install_data
[2.007s] running install_egg_info
[2.016s] removing '/home/angel/concurso-audio-practica/install/audio/lib/python3.8/site-packages/audio-0.0.0-py3.8.egg-info' (and everything under it)
[2.019s] Copying ../build/audio/audio.egg-info to /home/angel/concurso-audio-practica/install/audio/lib/python3.8/site-packages/audio-0.0.0-py3.8.egg-info
[2.023s] running install_scripts
[2.115s] Installing listener script to /home/angel/concurso-audio-practica/install/audio/lib/audio
[2.117s] Installing talker script to /home/angel/concurso-audio-practica/install/audio/lib/audio
[2.119s] writing list of installed files to '/home/angel/concurso-audio-practica/build/audio/install.log'
[2.215s] Invoked command in '/home/angel/concurso-audio-practica/audio' returned '0': PYTHONPATH=/home/angel/concurso-audio-practica/install/audio/lib/python3.8/site-packages:${PYTHONPATH} /usr/bin/python3 setup.py egg_info --egg-base ../build/audio build --build-base /home/angel/concurso-audio-practica/build/audio/build install --prefix /home/angel/concurso-audio-practica/install/audio --record /home/angel/concurso-audio-practica/build/audio/install.log --single-version-externally-managed
