[1.564s] Invoking command in '/home/angel/concurso-audio-practica/audio': PYTHONPATH=/home/angel/concurso-audio-practica/install/audio/lib/python3.8/site-packages:${PYTHONPATH} /usr/bin/python3 setup.py egg_info --egg-base ../build/audio build --build-base /home/angel/concurso-audio-practica/build/audio/build install --prefix /home/angel/concurso-audio-practica/install/audio --record /home/angel/concurso-audio-practica/build/audio/install.log --single-version-externally-managed
[2.013s] running egg_info
[2.014s] writing ../build/audio/audio.egg-info/PKG-INFO
[2.015s] writing dependency_links to ../build/audio/audio.egg-info/dependency_links.txt
[2.016s] writing entry points to ../build/audio/audio.egg-info/entry_points.txt
[2.016s] writing requirements to ../build/audio/audio.egg-info/requires.txt
[2.017s] writing top-level names to ../build/audio/audio.egg-info/top_level.txt
[2.104s] reading manifest file '../build/audio/audio.egg-info/SOURCES.txt'
[2.106s] writing manifest file '../build/audio/audio.egg-info/SOURCES.txt'
[2.107s] running build
[2.107s] running build_py
[2.108s] copying audio/audioPublisher.py -> /home/angel/concurso-audio-practica/build/audio/build/lib/audio
[2.109s] running install
[2.111s] running install_lib
[2.113s] copying /home/angel/concurso-audio-practica/build/audio/build/lib/audio/audioPublisher.py -> /home/angel/concurso-audio-practica/install/audio/lib/python3.8/site-packages/audio
[2.114s] byte-compiling /home/angel/concurso-audio-practica/install/audio/lib/python3.8/site-packages/audio/audioPublisher.py to audioPublisher.cpython-38.pyc
[2.117s] running install_data
[2.118s] running install_egg_info
[2.121s] removing '/home/angel/concurso-audio-practica/install/audio/lib/python3.8/site-packages/audio-0.0.0-py3.8.egg-info' (and everything under it)
[2.122s] Copying ../build/audio/audio.egg-info to /home/angel/concurso-audio-practica/install/audio/lib/python3.8/site-packages/audio-0.0.0-py3.8.egg-info
[2.125s] running install_scripts
[2.175s] Installing listener script to /home/angel/concurso-audio-practica/install/audio/lib/audio
[2.175s] Installing talker script to /home/angel/concurso-audio-practica/install/audio/lib/audio
[2.177s] writing list of installed files to '/home/angel/concurso-audio-practica/build/audio/install.log'
[2.209s] Invoked command in '/home/angel/concurso-audio-practica/audio' returned '0': PYTHONPATH=/home/angel/concurso-audio-practica/install/audio/lib/python3.8/site-packages:${PYTHONPATH} /usr/bin/python3 setup.py egg_info --egg-base ../build/audio build --build-base /home/angel/concurso-audio-practica/build/audio/build install --prefix /home/angel/concurso-audio-practica/install/audio --record /home/angel/concurso-audio-practica/build/audio/install.log --single-version-externally-managed
