[1.610s] Invoking command in '/home/angel/concurso-audio-practica/audio': PYTHONPATH=/home/angel/concurso-audio-practica/install/audio/lib/python3.8/site-packages:${PYTHONPATH} /usr/bin/python3 setup.py egg_info --egg-base ../build/audio build --build-base /home/angel/concurso-audio-practica/build/audio/build install --prefix /home/angel/concurso-audio-practica/install/audio --record /home/angel/concurso-audio-practica/build/audio/install.log --single-version-externally-managed
[2.095s] running egg_info
[2.097s] writing ../build/audio/audio.egg-info/PKG-INFO
[2.098s] writing dependency_links to ../build/audio/audio.egg-info/dependency_links.txt
[2.098s] writing entry points to ../build/audio/audio.egg-info/entry_points.txt
[2.099s] writing requirements to ../build/audio/audio.egg-info/requires.txt
[2.100s] writing top-level names to ../build/audio/audio.egg-info/top_level.txt
[2.184s] reading manifest file '../build/audio/audio.egg-info/SOURCES.txt'
[2.186s] writing manifest file '../build/audio/audio.egg-info/SOURCES.txt'
[2.187s] running build
[2.187s] running build_py
[2.188s] copying audio/audioPublisher.py -> /home/angel/concurso-audio-practica/build/audio/build/lib/audio
[2.189s] running install
[2.191s] running install_lib
[2.193s] copying /home/angel/concurso-audio-practica/build/audio/build/lib/audio/audioPublisher.py -> /home/angel/concurso-audio-practica/install/audio/lib/python3.8/site-packages/audio
[2.194s] byte-compiling /home/angel/concurso-audio-practica/install/audio/lib/python3.8/site-packages/audio/audioPublisher.py to audioPublisher.cpython-38.pyc
[2.197s] running install_data
[2.199s] running install_egg_info
[2.202s] removing '/home/angel/concurso-audio-practica/install/audio/lib/python3.8/site-packages/audio-0.0.0-py3.8.egg-info' (and everything under it)
[2.203s] Copying ../build/audio/audio.egg-info to /home/angel/concurso-audio-practica/install/audio/lib/python3.8/site-packages/audio-0.0.0-py3.8.egg-info
[2.208s] running install_scripts
[2.242s] Installing listener script to /home/angel/concurso-audio-practica/install/audio/lib/audio
[2.243s] Installing talker script to /home/angel/concurso-audio-practica/install/audio/lib/audio
[2.245s] writing list of installed files to '/home/angel/concurso-audio-practica/build/audio/install.log'
[2.293s] Invoked command in '/home/angel/concurso-audio-practica/audio' returned '0': PYTHONPATH=/home/angel/concurso-audio-practica/install/audio/lib/python3.8/site-packages:${PYTHONPATH} /usr/bin/python3 setup.py egg_info --egg-base ../build/audio build --build-base /home/angel/concurso-audio-practica/build/audio/build install --prefix /home/angel/concurso-audio-practica/install/audio --record /home/angel/concurso-audio-practica/build/audio/install.log --single-version-externally-managed
