[4.715s] Invoking command in '/home/angel/concurso-audio-practica/audio': PYTHONPATH=/home/angel/concurso-audio-practica/install/audio/lib/python3.8/site-packages:${PYTHONPATH} /usr/bin/python3 setup.py egg_info --egg-base ../build/audio build --build-base /home/angel/concurso-audio-practica/build/audio/build install --prefix /home/angel/concurso-audio-practica/install/audio --record /home/angel/concurso-audio-practica/build/audio/install.log --single-version-externally-managed
[5.674s] running egg_info
[5.677s] writing ../build/audio/audio.egg-info/PKG-INFO
[5.678s] writing dependency_links to ../build/audio/audio.egg-info/dependency_links.txt
[5.681s] writing entry points to ../build/audio/audio.egg-info/entry_points.txt
[5.681s] writing requirements to ../build/audio/audio.egg-info/requires.txt
[5.683s] writing top-level names to ../build/audio/audio.egg-info/top_level.txt
[5.885s] reading manifest file '../build/audio/audio.egg-info/SOURCES.txt'
[5.901s] writing manifest file '../build/audio/audio.egg-info/SOURCES.txt'
[5.901s] running build
[5.901s] running build_py
[5.905s] copying audio/audioSubscriber.py -> /home/angel/concurso-audio-practica/build/audio/build/lib/audio
[5.918s] running install
[5.918s] running install_lib
[5.918s] copying /home/angel/concurso-audio-practica/build/audio/build/lib/audio/audioSubscriber.py -> /home/angel/concurso-audio-practica/install/audio/lib/python3.8/site-packages/audio
[5.920s] byte-compiling /home/angel/concurso-audio-practica/install/audio/lib/python3.8/site-packages/audio/audioSubscriber.py to audioSubscriber.cpython-38.pyc
[5.940s] running install_data
[5.940s] running install_egg_info
[5.940s] removing '/home/angel/concurso-audio-practica/install/audio/lib/python3.8/site-packages/audio-0.0.0-py3.8.egg-info' (and everything under it)
[5.941s] Copying ../build/audio/audio.egg-info to /home/angel/concurso-audio-practica/install/audio/lib/python3.8/site-packages/audio-0.0.0-py3.8.egg-info
[5.953s] running install_scripts
[6.021s] Installing listener script to /home/angel/concurso-audio-practica/install/audio/lib/audio
[6.021s] Installing talker script to /home/angel/concurso-audio-practica/install/audio/lib/audio
[6.025s] writing list of installed files to '/home/angel/concurso-audio-practica/build/audio/install.log'
[6.100s] Invoked command in '/home/angel/concurso-audio-practica/audio' returned '0': PYTHONPATH=/home/angel/concurso-audio-practica/install/audio/lib/python3.8/site-packages:${PYTHONPATH} /usr/bin/python3 setup.py egg_info --egg-base ../build/audio build --build-base /home/angel/concurso-audio-practica/build/audio/build install --prefix /home/angel/concurso-audio-practica/install/audio --record /home/angel/concurso-audio-practica/build/audio/install.log --single-version-externally-managed
