[1.392s] Invoking command in '/home/angel/concurso-audio-practica/audio': PYTHONPATH=/home/angel/concurso-audio-practica/install/audio/lib/python3.8/site-packages:${PYTHONPATH} /usr/bin/python3 setup.py egg_info --egg-base ../build/audio build --build-base /home/angel/concurso-audio-practica/build/audio/build install --prefix /home/angel/concurso-audio-practica/install/audio --record /home/angel/concurso-audio-practica/build/audio/install.log --single-version-externally-managed
[1.822s] running egg_info
[1.824s] writing ../build/audio/audio.egg-info/PKG-INFO
[1.825s] writing dependency_links to ../build/audio/audio.egg-info/dependency_links.txt
[1.826s] writing entry points to ../build/audio/audio.egg-info/entry_points.txt
[1.826s] writing requirements to ../build/audio/audio.egg-info/requires.txt
[1.827s] writing top-level names to ../build/audio/audio.egg-info/top_level.txt
[1.913s] reading manifest file '../build/audio/audio.egg-info/SOURCES.txt'
[1.915s] writing manifest file '../build/audio/audio.egg-info/SOURCES.txt'
[1.916s] running build
[1.916s] running build_py
[1.917s] copying audio/audioPublisher.py -> /home/angel/concurso-audio-practica/build/audio/build/lib/audio
[1.918s] running install
[1.919s] running install_lib
[1.921s] copying /home/angel/concurso-audio-practica/build/audio/build/lib/audio/audioPublisher.py -> /home/angel/concurso-audio-practica/install/audio/lib/python3.8/site-packages/audio
[1.922s] byte-compiling /home/angel/concurso-audio-practica/install/audio/lib/python3.8/site-packages/audio/audioPublisher.py to audioPublisher.cpython-38.pyc
[1.926s] running install_data
[1.928s] running install_egg_info
[1.931s] removing '/home/angel/concurso-audio-practica/install/audio/lib/python3.8/site-packages/audio-0.0.0-py3.8.egg-info' (and everything under it)
[1.932s] Copying ../build/audio/audio.egg-info to /home/angel/concurso-audio-practica/install/audio/lib/python3.8/site-packages/audio-0.0.0-py3.8.egg-info
[1.934s] running install_scripts
[1.970s] Installing listener script to /home/angel/concurso-audio-practica/install/audio/lib/audio
[1.971s] Installing talker script to /home/angel/concurso-audio-practica/install/audio/lib/audio
[1.972s] writing list of installed files to '/home/angel/concurso-audio-practica/build/audio/install.log'
[2.006s] Invoked command in '/home/angel/concurso-audio-practica/audio' returned '0': PYTHONPATH=/home/angel/concurso-audio-practica/install/audio/lib/python3.8/site-packages:${PYTHONPATH} /usr/bin/python3 setup.py egg_info --egg-base ../build/audio build --build-base /home/angel/concurso-audio-practica/build/audio/build install --prefix /home/angel/concurso-audio-practica/install/audio --record /home/angel/concurso-audio-practica/build/audio/install.log --single-version-externally-managed
