[1.373s] Invoking command in '/home/angel/concurso-audio-practica/audio': PYTHONPATH=/home/angel/concurso-audio-practica/install/audio/lib/python3.8/site-packages:${PYTHONPATH} /usr/bin/python3 setup.py egg_info --egg-base ../build/audio build --build-base /home/angel/concurso-audio-practica/build/audio/build install --prefix /home/angel/concurso-audio-practica/install/audio --record /home/angel/concurso-audio-practica/build/audio/install.log --single-version-externally-managed
[1.794s] running egg_info
[1.796s] writing ../build/audio/audio.egg-info/PKG-INFO
[1.796s] writing dependency_links to ../build/audio/audio.egg-info/dependency_links.txt
[1.797s] writing entry points to ../build/audio/audio.egg-info/entry_points.txt
[1.798s] writing requirements to ../build/audio/audio.egg-info/requires.txt
[1.798s] writing top-level names to ../build/audio/audio.egg-info/top_level.txt
[1.883s] reading manifest file '../build/audio/audio.egg-info/SOURCES.txt'
[1.885s] writing manifest file '../build/audio/audio.egg-info/SOURCES.txt'
[1.886s] running build
[1.886s] running build_py
[1.887s] copying audio/audioSubscriber.py -> /home/angel/concurso-audio-practica/build/audio/build/lib/audio
[1.888s] running install
[1.889s] running install_lib
[1.891s] copying /home/angel/concurso-audio-practica/build/audio/build/lib/audio/audioSubscriber.py -> /home/angel/concurso-audio-practica/install/audio/lib/python3.8/site-packages/audio
[1.893s] byte-compiling /home/angel/concurso-audio-practica/install/audio/lib/python3.8/site-packages/audio/audioSubscriber.py to audioSubscriber.cpython-38.pyc
[1.895s] running install_data
[1.897s] running install_egg_info
[1.900s] removing '/home/angel/concurso-audio-practica/install/audio/lib/python3.8/site-packages/audio-0.0.0-py3.8.egg-info' (and everything under it)
[1.901s] Copying ../build/audio/audio.egg-info to /home/angel/concurso-audio-practica/install/audio/lib/python3.8/site-packages/audio-0.0.0-py3.8.egg-info
[1.905s] running install_scripts
[1.942s] Installing listener script to /home/angel/concurso-audio-practica/install/audio/lib/audio
[1.944s] Installing talker script to /home/angel/concurso-audio-practica/install/audio/lib/audio
[1.945s] writing list of installed files to '/home/angel/concurso-audio-practica/build/audio/install.log'
[1.980s] Invoked command in '/home/angel/concurso-audio-practica/audio' returned '0': PYTHONPATH=/home/angel/concurso-audio-practica/install/audio/lib/python3.8/site-packages:${PYTHONPATH} /usr/bin/python3 setup.py egg_info --egg-base ../build/audio build --build-base /home/angel/concurso-audio-practica/build/audio/build install --prefix /home/angel/concurso-audio-practica/install/audio --record /home/angel/concurso-audio-practica/build/audio/install.log --single-version-externally-managed
