[2.980s] Invoking command in '/home/angel/concurso-audio-practica/audio': PYTHONPATH=/home/angel/concurso-audio-practica/install/audio/lib/python3.8/site-packages:${PYTHONPATH} /usr/bin/python3 setup.py egg_info --egg-base ../build/audio build --build-base /home/angel/concurso-audio-practica/build/audio/build install --prefix /home/angel/concurso-audio-practica/install/audio --record /home/angel/concurso-audio-practica/build/audio/install.log --single-version-externally-managed
[3.495s] running egg_info
[3.496s] writing ../build/audio/audio.egg-info/PKG-INFO
[3.497s] writing dependency_links to ../build/audio/audio.egg-info/dependency_links.txt
[3.498s] writing entry points to ../build/audio/audio.egg-info/entry_points.txt
[3.498s] writing requirements to ../build/audio/audio.egg-info/requires.txt
[3.499s] writing top-level names to ../build/audio/audio.egg-info/top_level.txt
[3.628s] reading manifest file '../build/audio/audio.egg-info/SOURCES.txt'
[3.651s] writing manifest file '../build/audio/audio.egg-info/SOURCES.txt'
[3.651s] running build
[3.652s] running build_py
[3.652s] copying audio/audioPublisher.py -> /home/angel/concurso-audio-practica/build/audio/build/lib/audio
[3.653s] running install
[3.655s] running install_lib
[3.657s] copying /home/angel/concurso-audio-practica/build/audio/build/lib/audio/audioPublisher.py -> /home/angel/concurso-audio-practica/install/audio/lib/python3.8/site-packages/audio
[3.658s] byte-compiling /home/angel/concurso-audio-practica/install/audio/lib/python3.8/site-packages/audio/audioPublisher.py to audioPublisher.cpython-38.pyc
[3.661s] running install_data
[3.663s] running install_egg_info
[3.665s] removing '/home/angel/concurso-audio-practica/install/audio/lib/python3.8/site-packages/audio-0.0.0-py3.8.egg-info' (and everything under it)
[3.667s] Copying ../build/audio/audio.egg-info to /home/angel/concurso-audio-practica/install/audio/lib/python3.8/site-packages/audio-0.0.0-py3.8.egg-info
[3.688s] running install_scripts
[3.717s] Installing listener script to /home/angel/concurso-audio-practica/install/audio/lib/audio
[3.717s] Installing talker script to /home/angel/concurso-audio-practica/install/audio/lib/audio
[3.718s] writing list of installed files to '/home/angel/concurso-audio-practica/build/audio/install.log'
[3.751s] Invoked command in '/home/angel/concurso-audio-practica/audio' returned '0': PYTHONPATH=/home/angel/concurso-audio-practica/install/audio/lib/python3.8/site-packages:${PYTHONPATH} /usr/bin/python3 setup.py egg_info --egg-base ../build/audio build --build-base /home/angel/concurso-audio-practica/build/audio/build install --prefix /home/angel/concurso-audio-practica/install/audio --record /home/angel/concurso-audio-practica/build/audio/install.log --single-version-externally-managed
