[1.424s] Invoking command in '/home/angel/concurso-audio-practica/audio': PYTHONPATH=/home/angel/concurso-audio-practica/install/audio/lib/python3.8/site-packages:${PYTHONPATH} /usr/bin/python3 setup.py egg_info --egg-base ../build/audio build --build-base /home/angel/concurso-audio-practica/build/audio/build install --prefix /home/angel/concurso-audio-practica/install/audio --record /home/angel/concurso-audio-practica/build/audio/install.log --single-version-externally-managed
[1.885s] running egg_info
[1.886s] writing ../build/audio/audio.egg-info/PKG-INFO
[1.887s] writing dependency_links to ../build/audio/audio.egg-info/dependency_links.txt
[1.888s] writing entry points to ../build/audio/audio.egg-info/entry_points.txt
[1.888s] writing requirements to ../build/audio/audio.egg-info/requires.txt
[1.889s] writing top-level names to ../build/audio/audio.egg-info/top_level.txt
[1.968s] reading manifest file '../build/audio/audio.egg-info/SOURCES.txt'
[1.970s] writing manifest file '../build/audio/audio.egg-info/SOURCES.txt'
[1.972s] running build
[1.972s] running build_py
[1.973s] copying audio/audioPublisher.py -> /home/angel/concurso-audio-practica/build/audio/build/lib/audio
[1.974s] running install
[1.976s] running install_lib
[1.978s] copying /home/angel/concurso-audio-practica/build/audio/build/lib/audio/audioPublisher.py -> /home/angel/concurso-audio-practica/install/audio/lib/python3.8/site-packages/audio
[1.979s] byte-compiling /home/angel/concurso-audio-practica/install/audio/lib/python3.8/site-packages/audio/audioPublisher.py to audioPublisher.cpython-38.pyc
[1.982s] running install_data
[1.984s] running install_egg_info
[1.987s] removing '/home/angel/concurso-audio-practica/install/audio/lib/python3.8/site-packages/audio-0.0.0-py3.8.egg-info' (and everything under it)
[1.988s] Copying ../build/audio/audio.egg-info to /home/angel/concurso-audio-practica/install/audio/lib/python3.8/site-packages/audio-0.0.0-py3.8.egg-info
[1.991s] running install_scripts
[2.021s] Installing listener script to /home/angel/concurso-audio-practica/install/audio/lib/audio
[2.022s] Installing talker script to /home/angel/concurso-audio-practica/install/audio/lib/audio
[2.023s] writing list of installed files to '/home/angel/concurso-audio-practica/build/audio/install.log'
[2.068s] Invoked command in '/home/angel/concurso-audio-practica/audio' returned '0': PYTHONPATH=/home/angel/concurso-audio-practica/install/audio/lib/python3.8/site-packages:${PYTHONPATH} /usr/bin/python3 setup.py egg_info --egg-base ../build/audio build --build-base /home/angel/concurso-audio-practica/build/audio/build install --prefix /home/angel/concurso-audio-practica/install/audio --record /home/angel/concurso-audio-practica/build/audio/install.log --single-version-externally-managed
