[1.584s] Invoking command in '/home/angel/concurso-audio-practica/audio': PYTHONPATH=/home/angel/concurso-audio-practica/install/audio/lib/python3.8/site-packages:${PYTHONPATH} /usr/bin/python3 setup.py egg_info --egg-base ../build/audio build --build-base /home/angel/concurso-audio-practica/build/audio/build install --prefix /home/angel/concurso-audio-practica/install/audio --record /home/angel/concurso-audio-practica/build/audio/install.log --single-version-externally-managed
[2.079s] running egg_info
[2.081s] writing ../build/audio/audio.egg-info/PKG-INFO
[2.082s] writing dependency_links to ../build/audio/audio.egg-info/dependency_links.txt
[2.083s] writing entry points to ../build/audio/audio.egg-info/entry_points.txt
[2.084s] writing requirements to ../build/audio/audio.egg-info/requires.txt
[2.084s] writing top-level names to ../build/audio/audio.egg-info/top_level.txt
[2.172s] reading manifest file '../build/audio/audio.egg-info/SOURCES.txt'
[2.174s] writing manifest file '../build/audio/audio.egg-info/SOURCES.txt'
[2.175s] running build
[2.176s] running build_py
[2.176s] copying audio/audioPublisher.py -> /home/angel/concurso-audio-practica/build/audio/build/lib/audio
[2.177s] running install
[2.179s] running install_lib
[2.181s] copying /home/angel/concurso-audio-practica/build/audio/build/lib/audio/audioPublisher.py -> /home/angel/concurso-audio-practica/install/audio/lib/python3.8/site-packages/audio
[2.182s] byte-compiling /home/angel/concurso-audio-practica/install/audio/lib/python3.8/site-packages/audio/audioPublisher.py to audioPublisher.cpython-38.pyc
[2.186s] running install_data
[2.187s] running install_egg_info
[2.191s] removing '/home/angel/concurso-audio-practica/install/audio/lib/python3.8/site-packages/audio-0.0.0-py3.8.egg-info' (and everything under it)
[2.192s] Copying ../build/audio/audio.egg-info to /home/angel/concurso-audio-practica/install/audio/lib/python3.8/site-packages/audio-0.0.0-py3.8.egg-info
[2.195s] running install_scripts
[2.226s] Installing listener script to /home/angel/concurso-audio-practica/install/audio/lib/audio
[2.227s] Installing talker script to /home/angel/concurso-audio-practica/install/audio/lib/audio
[2.228s] writing list of installed files to '/home/angel/concurso-audio-practica/build/audio/install.log'
[2.272s] Invoked command in '/home/angel/concurso-audio-practica/audio' returned '0': PYTHONPATH=/home/angel/concurso-audio-practica/install/audio/lib/python3.8/site-packages:${PYTHONPATH} /usr/bin/python3 setup.py egg_info --egg-base ../build/audio build --build-base /home/angel/concurso-audio-practica/build/audio/build install --prefix /home/angel/concurso-audio-practica/install/audio --record /home/angel/concurso-audio-practica/build/audio/install.log --single-version-externally-managed
