[1.605s] Invoking command in '/home/angel/concurso-audio-practica/audio': PYTHONPATH=/home/angel/concurso-audio-practica/install/audio/lib/python3.8/site-packages:${PYTHONPATH} /usr/bin/python3 setup.py egg_info --egg-base ../build/audio build --build-base /home/angel/concurso-audio-practica/build/audio/build install --prefix /home/angel/concurso-audio-practica/install/audio --record /home/angel/concurso-audio-practica/build/audio/install.log --single-version-externally-managed
[2.205s] running egg_info
[2.207s] writing ../build/audio/audio.egg-info/PKG-INFO
[2.208s] writing dependency_links to ../build/audio/audio.egg-info/dependency_links.txt
[2.209s] writing entry points to ../build/audio/audio.egg-info/entry_points.txt
[2.209s] writing requirements to ../build/audio/audio.egg-info/requires.txt
[2.210s] writing top-level names to ../build/audio/audio.egg-info/top_level.txt
[2.296s] reading manifest file '../build/audio/audio.egg-info/SOURCES.txt'
[2.298s] writing manifest file '../build/audio/audio.egg-info/SOURCES.txt'
[2.299s] running build
[2.299s] running build_py
[2.300s] copying audio/audioSubscriber.py -> /home/angel/concurso-audio-practica/build/audio/build/lib/audio
[2.301s] running install
[2.303s] running install_lib
[2.305s] copying /home/angel/concurso-audio-practica/build/audio/build/lib/audio/audioSubscriber.py -> /home/angel/concurso-audio-practica/install/audio/lib/python3.8/site-packages/audio
[2.306s] byte-compiling /home/angel/concurso-audio-practica/install/audio/lib/python3.8/site-packages/audio/audioSubscriber.py to audioSubscriber.cpython-38.pyc
[2.311s] running install_data
[2.313s] running install_egg_info
[2.316s] removing '/home/angel/concurso-audio-practica/install/audio/lib/python3.8/site-packages/audio-0.0.0-py3.8.egg-info' (and everything under it)
[2.317s] Copying ../build/audio/audio.egg-info to /home/angel/concurso-audio-practica/install/audio/lib/python3.8/site-packages/audio-0.0.0-py3.8.egg-info
[2.319s] running install_scripts
[2.353s] Installing listener script to /home/angel/concurso-audio-practica/install/audio/lib/audio
[2.355s] Installing talker script to /home/angel/concurso-audio-practica/install/audio/lib/audio
[2.356s] writing list of installed files to '/home/angel/concurso-audio-practica/build/audio/install.log'
[2.389s] Invoked command in '/home/angel/concurso-audio-practica/audio' returned '0': PYTHONPATH=/home/angel/concurso-audio-practica/install/audio/lib/python3.8/site-packages:${PYTHONPATH} /usr/bin/python3 setup.py egg_info --egg-base ../build/audio build --build-base /home/angel/concurso-audio-practica/build/audio/build install --prefix /home/angel/concurso-audio-practica/install/audio --record /home/angel/concurso-audio-practica/build/audio/install.log --single-version-externally-managed
