[1.446s] Invoking command in '/home/angel/concurso-audio-practica/audio': PYTHONPATH=/home/angel/concurso-audio-practica/install/audio/lib/python3.8/site-packages:${PYTHONPATH} /usr/bin/python3 setup.py egg_info --egg-base ../build/audio build --build-base /home/angel/concurso-audio-practica/build/audio/build install --prefix /home/angel/concurso-audio-practica/install/audio --record /home/angel/concurso-audio-practica/build/audio/install.log --single-version-externally-managed
[1.911s] running egg_info
[1.913s] writing ../build/audio/audio.egg-info/PKG-INFO
[1.914s] writing dependency_links to ../build/audio/audio.egg-info/dependency_links.txt
[1.914s] writing entry points to ../build/audio/audio.egg-info/entry_points.txt
[1.920s] writing requirements to ../build/audio/audio.egg-info/requires.txt
[1.921s] writing top-level names to ../build/audio/audio.egg-info/top_level.txt
[2.111s] reading manifest file '../build/audio/audio.egg-info/SOURCES.txt'
[2.113s] writing manifest file '../build/audio/audio.egg-info/SOURCES.txt'
[2.114s] running build
[2.114s] running build_py
[2.123s] copying audio/audioPublisher.py -> /home/angel/concurso-audio-practica/build/audio/build/lib/audio
[2.125s] running install
[2.127s] running install_lib
[2.129s] copying /home/angel/concurso-audio-practica/build/audio/build/lib/audio/audioPublisher.py -> /home/angel/concurso-audio-practica/install/audio/lib/python3.8/site-packages/audio
[2.130s] byte-compiling /home/angel/concurso-audio-practica/install/audio/lib/python3.8/site-packages/audio/audioPublisher.py to audioPublisher.cpython-38.pyc
[2.141s] running install_data
[2.145s] running install_egg_info
[2.148s] removing '/home/angel/concurso-audio-practica/install/audio/lib/python3.8/site-packages/audio-0.0.0-py3.8.egg-info' (and everything under it)
[2.155s] Copying ../build/audio/audio.egg-info to /home/angel/concurso-audio-practica/install/audio/lib/python3.8/site-packages/audio-0.0.0-py3.8.egg-info
[2.164s] running install_scripts
[2.240s] Installing listener script to /home/angel/concurso-audio-practica/install/audio/lib/audio
[2.242s] Installing talker script to /home/angel/concurso-audio-practica/install/audio/lib/audio
[2.243s] writing list of installed files to '/home/angel/concurso-audio-practica/build/audio/install.log'
[2.328s] Invoked command in '/home/angel/concurso-audio-practica/audio' returned '0': PYTHONPATH=/home/angel/concurso-audio-practica/install/audio/lib/python3.8/site-packages:${PYTHONPATH} /usr/bin/python3 setup.py egg_info --egg-base ../build/audio build --build-base /home/angel/concurso-audio-practica/build/audio/build install --prefix /home/angel/concurso-audio-practica/install/audio --record /home/angel/concurso-audio-practica/build/audio/install.log --single-version-externally-managed
