[1.608s] Invoking command in '/home/angel/concurso-audio-practica/audio': PYTHONPATH=/home/angel/concurso-audio-practica/install/audio/lib/python3.8/site-packages:${PYTHONPATH} /usr/bin/python3 setup.py egg_info --egg-base ../build/audio build --build-base /home/angel/concurso-audio-practica/build/audio/build install --prefix /home/angel/concurso-audio-practica/install/audio --record /home/angel/concurso-audio-practica/build/audio/install.log --single-version-externally-managed
[2.114s] running egg_info
[2.115s] writing ../build/audio/audio.egg-info/PKG-INFO
[2.116s] writing dependency_links to ../build/audio/audio.egg-info/dependency_links.txt
[2.117s] writing entry points to ../build/audio/audio.egg-info/entry_points.txt
[2.118s] writing requirements to ../build/audio/audio.egg-info/requires.txt
[2.119s] writing top-level names to ../build/audio/audio.egg-info/top_level.txt
[2.204s] reading manifest file '../build/audio/audio.egg-info/SOURCES.txt'
[2.206s] writing manifest file '../build/audio/audio.egg-info/SOURCES.txt'
[2.207s] running build
[2.207s] running build_py
[2.208s] copying audio/audioSubscriber.py -> /home/angel/concurso-audio-practica/build/audio/build/lib/audio
[2.209s] running install
[2.210s] running install_lib
[2.212s] copying /home/angel/concurso-audio-practica/build/audio/build/lib/audio/audioSubscriber.py -> /home/angel/concurso-audio-practica/install/audio/lib/python3.8/site-packages/audio
[2.214s] byte-compiling /home/angel/concurso-audio-practica/install/audio/lib/python3.8/site-packages/audio/audioSubscriber.py to audioSubscriber.cpython-38.pyc
[2.218s] running install_data
[2.219s] running install_egg_info
[2.222s] removing '/home/angel/concurso-audio-practica/install/audio/lib/python3.8/site-packages/audio-0.0.0-py3.8.egg-info' (and everything under it)
[2.223s] Copying ../build/audio/audio.egg-info to /home/angel/concurso-audio-practica/install/audio/lib/python3.8/site-packages/audio-0.0.0-py3.8.egg-info
[2.226s] running install_scripts
[2.261s] Installing listener script to /home/angel/concurso-audio-practica/install/audio/lib/audio
[2.262s] Installing talker script to /home/angel/concurso-audio-practica/install/audio/lib/audio
[2.263s] writing list of installed files to '/home/angel/concurso-audio-practica/build/audio/install.log'
[2.305s] Invoked command in '/home/angel/concurso-audio-practica/audio' returned '0': PYTHONPATH=/home/angel/concurso-audio-practica/install/audio/lib/python3.8/site-packages:${PYTHONPATH} /usr/bin/python3 setup.py egg_info --egg-base ../build/audio build --build-base /home/angel/concurso-audio-practica/build/audio/build install --prefix /home/angel/concurso-audio-practica/install/audio --record /home/angel/concurso-audio-practica/build/audio/install.log --single-version-externally-managed
